[2016-12-15T20:41:19,541][WARN ][o.e.d.s.g.GroovyScriptEngineService] [groovy] scripts are deprecated, use [painless] scripts instead
[2016-12-16T12:37:14,188][WARN ][o.e.d.s.g.GroovyScriptEngineService] [groovy] scripts are deprecated, use [painless] scripts instead
[2016-12-16T12:54:05,953][WARN ][o.e.d.s.g.GroovyScriptEngineService] [groovy] scripts are deprecated, use [painless] scripts instead
[2016-12-16T14:13:17,165][WARN ][o.e.d.i.m.StringFieldMapper$TypeParser] The [string] field is deprecated, please use [text] or [keyword] instead on [buildNum]
[2016-12-16T14:35:33,244][WARN ][o.e.d.i.m.StringFieldMapper$TypeParser] The [string] field is deprecated, please use [text] or [keyword] instead on [title]
[2016-12-16T14:35:33,248][WARN ][o.e.d.i.m.StringFieldMapper$TypeParser] The [string] field is deprecated, please use [text] or [keyword] instead on [timeFieldName]
[2016-12-16T14:35:33,257][WARN ][o.e.d.i.m.StringFieldMapper$TypeParser] The [string] field is deprecated, please use [text] or [keyword] instead on [intervalName]
[2016-12-16T14:35:33,257][WARN ][o.e.d.i.m.StringFieldMapper$TypeParser] The [string] field is deprecated, please use [text] or [keyword] instead on [fields]
[2016-12-16T14:35:33,257][WARN ][o.e.d.i.m.StringFieldMapper$TypeParser] The [string] field is deprecated, please use [text] or [keyword] instead on [sourceFilters]
[2016-12-16T14:35:33,257][WARN ][o.e.d.i.m.StringFieldMapper$TypeParser] The [string] field is deprecated, please use [text] or [keyword] instead on [fieldFormatMap]
[2016-12-16T14:35:33,259][WARN ][o.e.d.i.m.StringFieldMapper$TypeParser] The [string] field is deprecated, please use [text] or [keyword] instead on [title]
[2016-12-16T14:35:33,259][WARN ][o.e.d.i.m.StringFieldMapper$TypeParser] The [string] field is deprecated, please use [text] or [keyword] instead on [timeFieldName]
[2016-12-16T14:35:33,259][WARN ][o.e.d.i.m.StringFieldMapper$TypeParser] The [string] field is deprecated, please use [text] or [keyword] instead on [intervalName]
[2016-12-16T14:35:33,260][WARN ][o.e.d.i.m.StringFieldMapper$TypeParser] The [string] field is deprecated, please use [text] or [keyword] instead on [fields]
[2016-12-16T14:35:33,260][WARN ][o.e.d.i.m.StringFieldMapper$TypeParser] The [string] field is deprecated, please use [text] or [keyword] instead on [sourceFilters]
[2016-12-16T14:35:33,260][WARN ][o.e.d.i.m.StringFieldMapper$TypeParser] The [string] field is deprecated, please use [text] or [keyword] instead on [fieldFormatMap]
[2016-12-16T14:41:44,566][WARN ][o.e.d.i.m.StringFieldMapper$TypeParser] The [string] field is deprecated, please use [text] or [keyword] instead on [title]
[2016-12-16T14:41:44,567][WARN ][o.e.d.i.m.StringFieldMapper$TypeParser] The [string] field is deprecated, please use [text] or [keyword] instead on [description]
[2016-12-16T14:41:44,567][WARN ][o.e.d.i.m.StringFieldMapper$TypeParser] The [string] field is deprecated, please use [text] or [keyword] instead on [panelsJSON]
[2016-12-16T14:41:44,567][WARN ][o.e.d.i.m.StringFieldMapper$TypeParser] The [string] field is deprecated, please use [text] or [keyword] instead on [optionsJSON]
[2016-12-16T14:41:44,567][WARN ][o.e.d.i.m.StringFieldMapper$TypeParser] The [string] field is deprecated, please use [text] or [keyword] instead on [uiStateJSON]
[2016-12-16T14:41:44,567][WARN ][o.e.d.i.m.StringFieldMapper$TypeParser] The [string] field is deprecated, please use [text] or [keyword] instead on [timeTo]
[2016-12-16T14:41:44,568][WARN ][o.e.d.i.m.StringFieldMapper$TypeParser] The [string] field is deprecated, please use [text] or [keyword] instead on [timeFrom]
[2016-12-16T14:41:44,568][WARN ][o.e.d.i.m.StringFieldMapper$TypeParser] The [string] field is deprecated, please use [text] or [keyword] instead on [display]
[2016-12-16T14:41:44,569][WARN ][o.e.d.i.m.StringFieldMapper$TypeParser] The [string] field is deprecated, please use [text] or [keyword] instead on [searchSourceJSON]
[2016-12-16T14:41:44,569][WARN ][o.e.d.i.m.StringFieldMapper$TypeParser] The [string] field is deprecated, please use [text] or [keyword] instead on [title]
[2016-12-16T14:41:44,569][WARN ][o.e.d.i.m.StringFieldMapper$TypeParser] The [string] field is deprecated, please use [text] or [keyword] instead on [description]
[2016-12-16T14:41:44,570][WARN ][o.e.d.i.m.StringFieldMapper$TypeParser] The [string] field is deprecated, please use [text] or [keyword] instead on [panelsJSON]
[2016-12-16T14:41:44,570][WARN ][o.e.d.i.m.StringFieldMapper$TypeParser] The [string] field is deprecated, please use [text] or [keyword] instead on [optionsJSON]
[2016-12-16T14:41:44,570][WARN ][o.e.d.i.m.StringFieldMapper$TypeParser] The [string] field is deprecated, please use [text] or [keyword] instead on [uiStateJSON]
[2016-12-16T14:41:44,570][WARN ][o.e.d.i.m.StringFieldMapper$TypeParser] The [string] field is deprecated, please use [text] or [keyword] instead on [timeTo]
[2016-12-16T14:41:44,570][WARN ][o.e.d.i.m.StringFieldMapper$TypeParser] The [string] field is deprecated, please use [text] or [keyword] instead on [timeFrom]
[2016-12-16T14:41:44,570][WARN ][o.e.d.i.m.StringFieldMapper$TypeParser] The [string] field is deprecated, please use [text] or [keyword] instead on [display]
[2016-12-16T14:41:44,570][WARN ][o.e.d.i.m.StringFieldMapper$TypeParser] The [string] field is deprecated, please use [text] or [keyword] instead on [searchSourceJSON]
[2016-12-16T14:42:33,498][WARN ][o.e.d.i.m.StringFieldMapper$TypeParser] The [string] field is deprecated, please use [text] or [keyword] instead on [title]
[2016-12-16T14:42:33,498][WARN ][o.e.d.i.m.StringFieldMapper$TypeParser] The [string] field is deprecated, please use [text] or [keyword] instead on [description]
[2016-12-16T14:42:33,498][WARN ][o.e.d.i.m.StringFieldMapper$TypeParser] The [string] field is deprecated, please use [text] or [keyword] instead on [columns]
[2016-12-16T14:42:33,498][WARN ][o.e.d.i.m.StringFieldMapper$TypeParser] The [string] field is deprecated, please use [text] or [keyword] instead on [sort]
[2016-12-16T14:42:33,499][WARN ][o.e.d.i.m.StringFieldMapper$TypeParser] The [string] field is deprecated, please use [text] or [keyword] instead on [searchSourceJSON]
[2016-12-16T14:42:33,499][WARN ][o.e.d.i.m.StringFieldMapper$TypeParser] The [string] field is deprecated, please use [text] or [keyword] instead on [title]
[2016-12-16T14:42:33,499][WARN ][o.e.d.i.m.StringFieldMapper$TypeParser] The [string] field is deprecated, please use [text] or [keyword] instead on [description]
[2016-12-16T14:42:33,499][WARN ][o.e.d.i.m.StringFieldMapper$TypeParser] The [string] field is deprecated, please use [text] or [keyword] instead on [columns]
[2016-12-16T14:42:33,499][WARN ][o.e.d.i.m.StringFieldMapper$TypeParser] The [string] field is deprecated, please use [text] or [keyword] instead on [sort]
[2016-12-16T14:42:33,500][WARN ][o.e.d.i.m.StringFieldMapper$TypeParser] The [string] field is deprecated, please use [text] or [keyword] instead on [searchSourceJSON]
[2016-12-16T14:43:17,194][WARN ][o.e.d.i.m.StringFieldMapper$TypeParser] The [string] field is deprecated, please use [text] or [keyword] instead on [title]
[2016-12-16T14:43:17,194][WARN ][o.e.d.i.m.StringFieldMapper$TypeParser] The [string] field is deprecated, please use [text] or [keyword] instead on [description]
[2016-12-16T14:43:17,195][WARN ][o.e.d.i.m.StringFieldMapper$TypeParser] The [string] field is deprecated, please use [text] or [keyword] instead on [timelion_sheet]
[2016-12-16T14:43:17,195][WARN ][o.e.d.i.m.StringFieldMapper$TypeParser] The [string] field is deprecated, please use [text] or [keyword] instead on [timelion_interval]
[2016-12-16T14:43:17,195][WARN ][o.e.d.i.m.StringFieldMapper$TypeParser] The [string] field is deprecated, please use [text] or [keyword] instead on [timelion_other_interval]
[2016-12-16T14:43:17,195][WARN ][o.e.d.i.m.StringFieldMapper$TypeParser] The [string] field is deprecated, please use [text] or [keyword] instead on [searchSourceJSON]
[2016-12-16T14:43:17,196][WARN ][o.e.d.i.m.StringFieldMapper$TypeParser] The [string] field is deprecated, please use [text] or [keyword] instead on [title]
[2016-12-16T14:43:17,196][WARN ][o.e.d.i.m.StringFieldMapper$TypeParser] The [string] field is deprecated, please use [text] or [keyword] instead on [description]
[2016-12-16T14:43:17,196][WARN ][o.e.d.i.m.StringFieldMapper$TypeParser] The [string] field is deprecated, please use [text] or [keyword] instead on [timelion_sheet]
[2016-12-16T14:43:17,196][WARN ][o.e.d.i.m.StringFieldMapper$TypeParser] The [string] field is deprecated, please use [text] or [keyword] instead on [timelion_interval]
[2016-12-16T14:43:17,196][WARN ][o.e.d.i.m.StringFieldMapper$TypeParser] The [string] field is deprecated, please use [text] or [keyword] instead on [timelion_other_interval]
[2016-12-16T14:43:17,196][WARN ][o.e.d.i.m.StringFieldMapper$TypeParser] The [string] field is deprecated, please use [text] or [keyword] instead on [searchSourceJSON]
[2016-12-16T14:43:17,993][WARN ][o.e.d.i.q.QueryParseContext] query malformed, empty clause found at [1:143]
[2016-12-16T14:56:40,021][WARN ][o.e.d.i.m.StringFieldMapper$TypeParser] The [string] field is deprecated, please use [text] or [keyword] instead on [title]
[2016-12-16T14:56:40,024][WARN ][o.e.d.i.m.StringFieldMapper$TypeParser] The [string] field is deprecated, please use [text] or [keyword] instead on [visState]
[2016-12-16T14:56:40,024][WARN ][o.e.d.i.m.StringFieldMapper$TypeParser] The [string] field is deprecated, please use [text] or [keyword] instead on [uiStateJSON]
[2016-12-16T14:56:40,024][WARN ][o.e.d.i.m.StringFieldMapper$TypeParser] The [string] field is deprecated, please use [text] or [keyword] instead on [description]
[2016-12-16T14:56:40,024][WARN ][o.e.d.i.m.StringFieldMapper$TypeParser] The [string] field is deprecated, please use [text] or [keyword] instead on [savedSearchId]
[2016-12-16T14:56:40,024][WARN ][o.e.d.i.m.StringFieldMapper$TypeParser] The [string] field is deprecated, please use [text] or [keyword] instead on [searchSourceJSON]
[2016-12-16T14:56:40,027][WARN ][o.e.d.i.m.StringFieldMapper$TypeParser] The [string] field is deprecated, please use [text] or [keyword] instead on [title]
[2016-12-16T14:56:40,028][WARN ][o.e.d.i.m.StringFieldMapper$TypeParser] The [string] field is deprecated, please use [text] or [keyword] instead on [visState]
[2016-12-16T14:56:40,028][WARN ][o.e.d.i.m.StringFieldMapper$TypeParser] The [string] field is deprecated, please use [text] or [keyword] instead on [uiStateJSON]
[2016-12-16T14:56:40,029][WARN ][o.e.d.i.m.StringFieldMapper$TypeParser] The [string] field is deprecated, please use [text] or [keyword] instead on [description]
[2016-12-16T14:56:40,029][WARN ][o.e.d.i.m.StringFieldMapper$TypeParser] The [string] field is deprecated, please use [text] or [keyword] instead on [savedSearchId]
[2016-12-16T14:56:40,029][WARN ][o.e.d.i.m.StringFieldMapper$TypeParser] The [string] field is deprecated, please use [text] or [keyword] instead on [searchSourceJSON]
[2016-12-16T14:59:48,436][WARN ][o.e.d.i.q.QueryParseContext] query malformed, empty clause found at [1:143]
[2016-12-16T15:00:01,625][WARN ][o.e.d.i.q.QueryParseContext] query malformed, empty clause found at [1:143]
[2016-12-16T15:18:19,468][WARN ][o.e.d.i.q.QueryParseContext] query malformed, empty clause found at [1:143]
[2016-12-16T15:22:46,499][WARN ][o.e.d.i.q.QueryParseContext] query malformed, empty clause found at [1:143]
