[2016-12-16T12:35:07,923][INFO ][o.e.n.Node               ] [7nKG0FS] stopping ...
[2016-12-16T12:35:08,008][INFO ][o.e.n.Node               ] [7nKG0FS] stopped
[2016-12-16T12:35:08,009][INFO ][o.e.n.Node               ] [7nKG0FS] closing ...
[2016-12-16T12:35:08,043][INFO ][o.e.n.Node               ] [7nKG0FS] closed
[2016-12-16T12:37:11,412][INFO ][o.e.n.Node               ] [] initializing ...
[2016-12-16T12:37:11,581][INFO ][o.e.e.NodeEnvironment    ] [7nKG0FS] using [1] data paths, mounts [[/ (none)]], net usable_space [1.1gb], net total_space [2.1gb], spins? [possibly], types [aufs]
[2016-12-16T12:37:11,582][INFO ][o.e.e.NodeEnvironment    ] [7nKG0FS] heap size [247.5mb], compressed ordinary object pointers [true]
[2016-12-16T12:37:11,583][INFO ][o.e.n.Node               ] node name [7nKG0FS] derived from node ID [7nKG0FSJRmGhvHgc_icXsw]; set [node.name] to override
[2016-12-16T12:37:11,587][INFO ][o.e.n.Node               ] version[5.1.1], pid[4429], build[5395e21/2016-12-06T12:36:15.409Z], OS[Linux/4.2.0-c9/amd64], JVM[Oracle Corporation/Java HotSpot(TM) 64-Bit Server VM/1.8.0_111/25.111-b14]
[2016-12-16T12:37:13,589][INFO ][o.e.p.PluginsService     ] [7nKG0FS] loaded module [aggs-matrix-stats]
[2016-12-16T12:37:13,589][INFO ][o.e.p.PluginsService     ] [7nKG0FS] loaded module [ingest-common]
[2016-12-16T12:37:13,589][INFO ][o.e.p.PluginsService     ] [7nKG0FS] loaded module [lang-expression]
[2016-12-16T12:37:13,589][INFO ][o.e.p.PluginsService     ] [7nKG0FS] loaded module [lang-groovy]
[2016-12-16T12:37:13,589][INFO ][o.e.p.PluginsService     ] [7nKG0FS] loaded module [lang-mustache]
[2016-12-16T12:37:13,590][INFO ][o.e.p.PluginsService     ] [7nKG0FS] loaded module [lang-painless]
[2016-12-16T12:37:13,590][INFO ][o.e.p.PluginsService     ] [7nKG0FS] loaded module [percolator]
[2016-12-16T12:37:13,590][INFO ][o.e.p.PluginsService     ] [7nKG0FS] loaded module [reindex]
[2016-12-16T12:37:13,590][INFO ][o.e.p.PluginsService     ] [7nKG0FS] loaded module [transport-netty3]
[2016-12-16T12:37:13,590][INFO ][o.e.p.PluginsService     ] [7nKG0FS] loaded module [transport-netty4]
[2016-12-16T12:37:13,591][INFO ][o.e.p.PluginsService     ] [7nKG0FS] no plugins loaded
[2016-12-16T12:37:17,741][INFO ][o.e.n.Node               ] initialized
[2016-12-16T12:37:17,742][INFO ][o.e.n.Node               ] [7nKG0FS] starting ...
[2016-12-16T12:37:17,988][INFO ][o.e.t.TransportService   ] [7nKG0FS] publish_address {127.0.0.1:9300}, bound_addresses {[::1]:9300}, {127.0.0.1:9300}
[2016-12-16T12:37:17,997][WARN ][o.e.b.BootstrapCheck     ] [7nKG0FS] max file descriptors [8192] for elasticsearch process is too low, increase to at least [65536]
[2016-12-16T12:37:17,998][WARN ][o.e.b.BootstrapCheck     ] [7nKG0FS] max virtual memory areas vm.max_map_count [65530] is too low, increase to at least [262144]
[2016-12-16T12:37:21,362][INFO ][o.e.c.s.ClusterService   ] [7nKG0FS] new_master {7nKG0FS}{7nKG0FSJRmGhvHgc_icXsw}{VuyVjqdyQZm5QDPnT2LXLQ}{127.0.0.1}{127.0.0.1:9300}, reason: zen-disco-elected-as-master ([0] nodes joined)
[2016-12-16T12:37:21,390][INFO ][o.e.h.HttpServer         ] [7nKG0FS] publish_address {127.0.0.1:9200}, bound_addresses {[::1]:9200}, {127.0.0.1:9200}
[2016-12-16T12:37:21,391][INFO ][o.e.n.Node               ] [7nKG0FS] started
[2016-12-16T12:37:21,413][INFO ][o.e.g.GatewayService     ] [7nKG0FS] recovered [0] indices into cluster_state
[2016-12-16T12:40:47,139][INFO ][o.e.n.Node               ] [7nKG0FS] stopping ...
[2016-12-16T12:41:03,135][INFO ][o.e.n.Node               ] [7nKG0FS] stopped
[2016-12-16T12:41:03,143][INFO ][o.e.n.Node               ] [7nKG0FS] closing ...
[2016-12-16T12:41:03,355][DEBUG][o.e.a.a.c.n.s.TransportNodesStatsAction] [7nKG0FS] failed to execute on node [7nKG0FSJRmGhvHgc_icXsw]
org.elasticsearch.transport.SendRequestTransportException: [7nKG0FS][127.0.0.1:9300][cluster:monitor/nodes/stats[n]]
	at org.elasticsearch.transport.TransportService.sendRequestInternal(TransportService.java:531) ~[elasticsearch-5.1.1.jar:5.1.1]
	at org.elasticsearch.transport.TransportService.sendRequest(TransportService.java:465) ~[elasticsearch-5.1.1.jar:5.1.1]
	at org.elasticsearch.action.support.nodes.TransportNodesAction$AsyncAction.start(TransportNodesAction.java:205) ~[elasticsearch-5.1.1.jar:5.1.1]
	at org.elasticsearch.action.support.nodes.TransportNodesAction.doExecute(TransportNodesAction.java:89) ~[elasticsearch-5.1.1.jar:5.1.1]
	at org.elasticsearch.action.support.nodes.TransportNodesAction.doExecute(TransportNodesAction.java:52) ~[elasticsearch-5.1.1.jar:5.1.1]
	at org.elasticsearch.action.support.TransportAction$RequestFilterChain.proceed(TransportAction.java:173) ~[elasticsearch-5.1.1.jar:5.1.1]
	at org.elasticsearch.action.ingest.IngestActionFilter.apply(IngestActionFilter.java:82) ~[elasticsearch-5.1.1.jar:5.1.1]
	at org.elasticsearch.action.support.TransportAction$RequestFilterChain.proceed(TransportAction.java:171) ~[elasticsearch-5.1.1.jar:5.1.1]
	at org.elasticsearch.action.support.TransportAction.execute(TransportAction.java:145) ~[elasticsearch-5.1.1.jar:5.1.1]
	at org.elasticsearch.action.support.TransportAction.execute(TransportAction.java:87) ~[elasticsearch-5.1.1.jar:5.1.1]
	at org.elasticsearch.client.node.NodeClient.executeLocally(NodeClient.java:75) ~[elasticsearch-5.1.1.jar:5.1.1]
	at org.elasticsearch.client.node.NodeClient.doExecute(NodeClient.java:64) ~[elasticsearch-5.1.1.jar:5.1.1]
	at org.elasticsearch.client.support.AbstractClient.execute(AbstractClient.java:403) ~[elasticsearch-5.1.1.jar:5.1.1]
	at org.elasticsearch.client.support.AbstractClient$ClusterAdmin.execute(AbstractClient.java:710) ~[elasticsearch-5.1.1.jar:5.1.1]
	at org.elasticsearch.client.support.AbstractClient$ClusterAdmin.nodesStats(AbstractClient.java:806) ~[elasticsearch-5.1.1.jar:5.1.1]
	at org.elasticsearch.cluster.InternalClusterInfoService.updateNodeStats(InternalClusterInfoService.java:255) ~[elasticsearch-5.1.1.jar:5.1.1]
	at org.elasticsearch.cluster.InternalClusterInfoService.refresh(InternalClusterInfoService.java:291) ~[elasticsearch-5.1.1.jar:5.1.1]
	at org.elasticsearch.cluster.InternalClusterInfoService.maybeRefresh(InternalClusterInfoService.java:276) ~[elasticsearch-5.1.1.jar:5.1.1]
	at org.elasticsearch.cluster.InternalClusterInfoService.access$500(InternalClusterInfoService.java:67) ~[elasticsearch-5.1.1.jar:5.1.1]
	at org.elasticsearch.cluster.InternalClusterInfoService$SubmitReschedulingClusterInfoUpdatedJob.lambda$run$0(InternalClusterInfoService.java:223) ~[elasticsearch-5.1.1.jar:5.1.1]
	at org.elasticsearch.common.util.concurrent.ThreadContext$ContextPreservingRunnable.run(ThreadContext.java:458) ~[elasticsearch-5.1.1.jar:5.1.1]
	at java.util.concurrent.ThreadPoolExecutor.runWorker(ThreadPoolExecutor.java:1142) [?:1.8.0_111]
	at java.util.concurrent.ThreadPoolExecutor$Worker.run(ThreadPoolExecutor.java:617) [?:1.8.0_111]
	at java.lang.Thread.run(Thread.java:745) [?:1.8.0_111]
Caused by: org.elasticsearch.transport.TransportException: TransportService is closed stopped can't send request
	at org.elasticsearch.transport.TransportService.sendRequestInternal(TransportService.java:511) ~[elasticsearch-5.1.1.jar:5.1.1]
	... 23 more
[2016-12-16T12:41:05,164][WARN ][o.e.a.a.c.n.s.TransportNodesStatsAction] [7nKG0FS] not accumulating exceptions, excluding exception from response
org.elasticsearch.action.FailedNodeException: Failed node [7nKG0FSJRmGhvHgc_icXsw]
	at org.elasticsearch.action.support.nodes.TransportNodesAction$AsyncAction.onFailure(TransportNodesAction.java:247) [elasticsearch-5.1.1.jar:5.1.1]
	at org.elasticsearch.action.support.nodes.TransportNodesAction$AsyncAction.access$300(TransportNodesAction.java:160) [elasticsearch-5.1.1.jar:5.1.1]
	at org.elasticsearch.action.support.nodes.TransportNodesAction$AsyncAction$1.handleException(TransportNodesAction.java:219) [elasticsearch-5.1.1.jar:5.1.1]
	at org.elasticsearch.transport.TransportService$ContextRestoreResponseHandler.handleException(TransportService.java:984) [elasticsearch-5.1.1.jar:5.1.1]
	at org.elasticsearch.transport.TransportService$5.doRun(TransportService.java:552) [elasticsearch-5.1.1.jar:5.1.1]
	at org.elasticsearch.common.util.concurrent.ThreadContext$ContextPreservingAbstractRunnable.doRun(ThreadContext.java:527) [elasticsearch-5.1.1.jar:5.1.1]
	at org.elasticsearch.common.util.concurrent.AbstractRunnable.run(AbstractRunnable.java:37) [elasticsearch-5.1.1.jar:5.1.1]
	at java.util.concurrent.ThreadPoolExecutor.runWorker(ThreadPoolExecutor.java:1142) [?:1.8.0_111]
	at java.util.concurrent.ThreadPoolExecutor$Worker.run(ThreadPoolExecutor.java:617) [?:1.8.0_111]
	at java.lang.Thread.run(Thread.java:745) [?:1.8.0_111]
Caused by: org.elasticsearch.transport.SendRequestTransportException: [7nKG0FS][127.0.0.1:9300][cluster:monitor/nodes/stats[n]]
	at org.elasticsearch.transport.TransportService.sendRequestInternal(TransportService.java:531) ~[elasticsearch-5.1.1.jar:5.1.1]
	at org.elasticsearch.transport.TransportService.sendRequest(TransportService.java:465) ~[elasticsearch-5.1.1.jar:5.1.1]
	at org.elasticsearch.action.support.nodes.TransportNodesAction$AsyncAction.start(TransportNodesAction.java:205) [elasticsearch-5.1.1.jar:5.1.1]
	at org.elasticsearch.action.support.nodes.TransportNodesAction.doExecute(TransportNodesAction.java:89) ~[elasticsearch-5.1.1.jar:5.1.1]
	at org.elasticsearch.action.support.nodes.TransportNodesAction.doExecute(TransportNodesAction.java:52) ~[elasticsearch-5.1.1.jar:5.1.1]
	at org.elasticsearch.action.support.TransportAction$RequestFilterChain.proceed(TransportAction.java:173) ~[elasticsearch-5.1.1.jar:5.1.1]
	at org.elasticsearch.action.ingest.IngestActionFilter.apply(IngestActionFilter.java:82) ~[elasticsearch-5.1.1.jar:5.1.1]
	at org.elasticsearch.action.support.TransportAction$RequestFilterChain.proceed(TransportAction.java:171) ~[elasticsearch-5.1.1.jar:5.1.1]
	at org.elasticsearch.action.support.TransportAction.execute(TransportAction.java:145) ~[elasticsearch-5.1.1.jar:5.1.1]
	at org.elasticsearch.action.support.TransportAction.execute(TransportAction.java:87) ~[elasticsearch-5.1.1.jar:5.1.1]
	at org.elasticsearch.client.node.NodeClient.executeLocally(NodeClient.java:75) ~[elasticsearch-5.1.1.jar:5.1.1]
	at org.elasticsearch.client.node.NodeClient.doExecute(NodeClient.java:64) ~[elasticsearch-5.1.1.jar:5.1.1]
	at org.elasticsearch.client.support.AbstractClient.execute(AbstractClient.java:403) ~[elasticsearch-5.1.1.jar:5.1.1]
	at org.elasticsearch.client.support.AbstractClient$ClusterAdmin.execute(AbstractClient.java:710) ~[elasticsearch-5.1.1.jar:5.1.1]
	at org.elasticsearch.client.support.AbstractClient$ClusterAdmin.nodesStats(AbstractClient.java:806) ~[elasticsearch-5.1.1.jar:5.1.1]
	at org.elasticsearch.cluster.InternalClusterInfoService.updateNodeStats(InternalClusterInfoService.java:255) ~[elasticsearch-5.1.1.jar:5.1.1]
	at org.elasticsearch.cluster.InternalClusterInfoService.refresh(InternalClusterInfoService.java:291) ~[elasticsearch-5.1.1.jar:5.1.1]
	at org.elasticsearch.cluster.InternalClusterInfoService.maybeRefresh(InternalClusterInfoService.java:276) ~[elasticsearch-5.1.1.jar:5.1.1]
	at org.elasticsearch.cluster.InternalClusterInfoService.access$500(InternalClusterInfoService.java:67) ~[elasticsearch-5.1.1.jar:5.1.1]
	at org.elasticsearch.cluster.InternalClusterInfoService$SubmitReschedulingClusterInfoUpdatedJob.lambda$run$0(InternalClusterInfoService.java:223) ~[elasticsearch-5.1.1.jar:5.1.1]
	at org.elasticsearch.common.util.concurrent.ThreadContext$ContextPreservingRunnable.run(ThreadContext.java:458) ~[elasticsearch-5.1.1.jar:5.1.1]
	... 3 more
Caused by: org.elasticsearch.transport.TransportException: TransportService is closed stopped can't send request
	at org.elasticsearch.transport.TransportService.sendRequestInternal(TransportService.java:511) ~[elasticsearch-5.1.1.jar:5.1.1]
	at org.elasticsearch.transport.TransportService.sendRequest(TransportService.java:465) ~[elasticsearch-5.1.1.jar:5.1.1]
	at org.elasticsearch.action.support.nodes.TransportNodesAction$AsyncAction.start(TransportNodesAction.java:205) ~[elasticsearch-5.1.1.jar:5.1.1]
	at org.elasticsearch.action.support.nodes.TransportNodesAction.doExecute(TransportNodesAction.java:89) ~[elasticsearch-5.1.1.jar:5.1.1]
	at org.elasticsearch.action.support.nodes.TransportNodesAction.doExecute(TransportNodesAction.java:52) [elasticsearch-5.1.1.jar:5.1.1]
	at org.elasticsearch.action.support.TransportAction$RequestFilterChain.proceed(TransportAction.java:173) ~[elasticsearch-5.1.1.jar:5.1.1]
	at org.elasticsearch.action.ingest.IngestActionFilter.apply(IngestActionFilter.java:82) ~[elasticsearch-5.1.1.jar:5.1.1]
	at org.elasticsearch.action.support.TransportAction$RequestFilterChain.proceed(TransportAction.java:171) ~[elasticsearch-5.1.1.jar:5.1.1]
	at org.elasticsearch.action.support.TransportAction.execute(TransportAction.java:145) ~[elasticsearch-5.1.1.jar:5.1.1]
	at org.elasticsearch.action.support.TransportAction.execute(TransportAction.java:87) ~[elasticsearch-5.1.1.jar:5.1.1]
	at org.elasticsearch.client.node.NodeClient.executeLocally(NodeClient.java:75) ~[elasticsearch-5.1.1.jar:5.1.1]
	at org.elasticsearch.client.node.NodeClient.doExecute(NodeClient.java:64) ~[elasticsearch-5.1.1.jar:5.1.1]
	at org.elasticsearch.client.support.AbstractClient.execute(AbstractClient.java:403) ~[elasticsearch-5.1.1.jar:5.1.1]
	at org.elasticsearch.client.support.AbstractClient$ClusterAdmin.execute(AbstractClient.java:710) ~[elasticsearch-5.1.1.jar:5.1.1]
	at org.elasticsearch.client.support.AbstractClient$ClusterAdmin.nodesStats(AbstractClient.java:806) ~[elasticsearch-5.1.1.jar:5.1.1]
	at org.elasticsearch.cluster.InternalClusterInfoService.updateNodeStats(InternalClusterInfoService.java:255) ~[elasticsearch-5.1.1.jar:5.1.1]
	at org.elasticsearch.cluster.InternalClusterInfoService.refresh(InternalClusterInfoService.java:291) ~[elasticsearch-5.1.1.jar:5.1.1]
	at org.elasticsearch.cluster.InternalClusterInfoService.maybeRefresh(InternalClusterInfoService.java:276) ~[elasticsearch-5.1.1.jar:5.1.1]
	at org.elasticsearch.cluster.InternalClusterInfoService.access$500(InternalClusterInfoService.java:67) ~[elasticsearch-5.1.1.jar:5.1.1]
	at org.elasticsearch.cluster.InternalClusterInfoService$SubmitReschedulingClusterInfoUpdatedJob.lambda$run$0(InternalClusterInfoService.java:223) ~[elasticsearch-5.1.1.jar:5.1.1]
	at org.elasticsearch.common.util.concurrent.ThreadContext$ContextPreservingRunnable.run(ThreadContext.java:458) ~[elasticsearch-5.1.1.jar:5.1.1]
	... 3 more
[2016-12-16T12:41:05,192][INFO ][o.e.n.Node               ] [7nKG0FS] closed
[2016-12-16T12:54:01,407][INFO ][o.e.n.Node               ] [] initializing ...
[2016-12-16T12:54:01,608][INFO ][o.e.e.NodeEnvironment    ] [7nKG0FS] using [1] data paths, mounts [[/ (none)]], net usable_space [1.1gb], net total_space [2.1gb], spins? [possibly], types [aufs]
[2016-12-16T12:54:01,609][INFO ][o.e.e.NodeEnvironment    ] [7nKG0FS] heap size [247.5mb], compressed ordinary object pointers [true]
[2016-12-16T12:54:01,611][INFO ][o.e.n.Node               ] node name [7nKG0FS] derived from node ID [7nKG0FSJRmGhvHgc_icXsw]; set [node.name] to override
[2016-12-16T12:54:01,617][INFO ][o.e.n.Node               ] version[5.1.1], pid[2745], build[5395e21/2016-12-06T12:36:15.409Z], OS[Linux/4.2.0-c9/amd64], JVM[Oracle Corporation/Java HotSpot(TM) 64-Bit Server VM/1.8.0_111/25.111-b14]
[2016-12-16T12:54:05,419][INFO ][o.e.p.PluginsService     ] [7nKG0FS] loaded module [aggs-matrix-stats]
[2016-12-16T12:54:05,524][INFO ][o.e.p.PluginsService     ] [7nKG0FS] loaded module [ingest-common]
[2016-12-16T12:54:05,524][INFO ][o.e.p.PluginsService     ] [7nKG0FS] loaded module [lang-expression]
[2016-12-16T12:54:05,524][INFO ][o.e.p.PluginsService     ] [7nKG0FS] loaded module [lang-groovy]
[2016-12-16T12:54:05,524][INFO ][o.e.p.PluginsService     ] [7nKG0FS] loaded module [lang-mustache]
[2016-12-16T12:54:05,525][INFO ][o.e.p.PluginsService     ] [7nKG0FS] loaded module [lang-painless]
[2016-12-16T12:54:05,525][INFO ][o.e.p.PluginsService     ] [7nKG0FS] loaded module [percolator]
[2016-12-16T12:54:05,525][INFO ][o.e.p.PluginsService     ] [7nKG0FS] loaded module [reindex]
[2016-12-16T12:54:05,525][INFO ][o.e.p.PluginsService     ] [7nKG0FS] loaded module [transport-netty3]
[2016-12-16T12:54:05,525][INFO ][o.e.p.PluginsService     ] [7nKG0FS] loaded module [transport-netty4]
[2016-12-16T12:54:05,526][INFO ][o.e.p.PluginsService     ] [7nKG0FS] no plugins loaded
[2016-12-16T12:54:14,585][INFO ][o.e.n.Node               ] initialized
[2016-12-16T12:54:14,586][INFO ][o.e.n.Node               ] [7nKG0FS] starting ...
[2016-12-16T12:54:14,766][INFO ][o.e.t.TransportService   ] [7nKG0FS] publish_address {127.0.0.1:9300}, bound_addresses {[::1]:9300}, {127.0.0.1:9300}
[2016-12-16T12:54:14,774][WARN ][o.e.b.BootstrapCheck     ] [7nKG0FS] max file descriptors [8192] for elasticsearch process is too low, increase to at least [65536]
[2016-12-16T12:54:14,774][WARN ][o.e.b.BootstrapCheck     ] [7nKG0FS] max virtual memory areas vm.max_map_count [65530] is too low, increase to at least [262144]
[2016-12-16T12:54:19,012][INFO ][o.e.c.s.ClusterService   ] [7nKG0FS] new_master {7nKG0FS}{7nKG0FSJRmGhvHgc_icXsw}{wNtbJLX5RSCn0l666lxU_Q}{127.0.0.1}{127.0.0.1:9300}, reason: zen-disco-elected-as-master ([0] nodes joined)
[2016-12-16T12:54:19,036][INFO ][o.e.h.HttpServer         ] [7nKG0FS] publish_address {127.0.0.1:9200}, bound_addresses {[::1]:9200}, {127.0.0.1:9200}
[2016-12-16T12:54:19,036][INFO ][o.e.n.Node               ] [7nKG0FS] started
[2016-12-16T12:54:19,055][INFO ][o.e.g.GatewayService     ] [7nKG0FS] recovered [0] indices into cluster_state
[2016-12-16T12:54:40,199][INFO ][o.e.c.m.MetaDataCreateIndexService] [7nKG0FS] [logstash-2016.12.16] creating index, cause [auto(bulk api)], templates [], shards [5]/[1], mappings []
[2016-12-16T12:54:54,382][WARN ][o.e.m.j.JvmGcMonitorService] [7nKG0FS] [gc][young][27][8] duration [13.4s], collections [1]/[13.6s], total [13.4s]/[14.5s], memory [95.7mb]->[64.5mb]/[247.5mb], all_pools {[young] [66mb]->[916.8kb]/[68.3mb]}{[survivor] [8.5mb]->[7.2mb]/[8.5mb]}{[old] [21.2mb]->[56.4mb]/[170.6mb]}
[2016-12-16T12:54:54,384][WARN ][o.e.m.j.JvmGcMonitorService] [7nKG0FS] [gc][27] overhead, spent [13.4s] collecting in the last [13.6s]
[2016-12-16T12:54:54,954][INFO ][o.e.c.m.MetaDataMappingService] [7nKG0FS] [logstash-2016.12.16/99iaIxGBSPKJljrjgZNYlQ] create_mapping [log]
[2016-12-16T12:54:56,801][INFO ][o.e.m.j.JvmGcMonitorService] [7nKG0FS] [gc][29] overhead, spent [627ms] collecting in the last [1.4s]
[2016-12-16T12:55:02,027][WARN ][o.e.m.j.JvmGcMonitorService] [7nKG0FS] [gc][32] overhead, spent [2s] collecting in the last [2.5s]
[2016-12-16T13:00:00,242][INFO ][o.e.m.j.JvmGcMonitorService] [7nKG0FS] [gc][330] overhead, spent [349ms] collecting in the last [1s]
[2016-12-16T14:13:17,282][INFO ][o.e.c.m.MetaDataCreateIndexService] [7nKG0FS] [.kibana] creating index, cause [api], templates [], shards [1]/[1], mappings [server, config]
[2016-12-16T14:30:32,169][WARN ][o.e.m.j.JvmGcMonitorService] [7nKG0FS] [gc][5760] overhead, spent [571ms] collecting in the last [1s]
[2016-12-16T14:35:33,265][INFO ][o.e.c.m.MetaDataMappingService] [7nKG0FS] [.kibana/xeJiJdqTTPq09f19sHlIdg] create_mapping [index-pattern]
[2016-12-16T14:41:16,523][INFO ][o.e.c.m.MetaDataMappingService] [7nKG0FS] [.kibana/xeJiJdqTTPq09f19sHlIdg] update_mapping [config]
[2016-12-16T14:41:44,572][INFO ][o.e.c.m.MetaDataMappingService] [7nKG0FS] [.kibana/xeJiJdqTTPq09f19sHlIdg] create_mapping [dashboard]
[2016-12-16T14:42:33,501][INFO ][o.e.c.m.MetaDataMappingService] [7nKG0FS] [.kibana/xeJiJdqTTPq09f19sHlIdg] create_mapping [search]
[2016-12-16T14:43:17,198][INFO ][o.e.c.m.MetaDataMappingService] [7nKG0FS] [.kibana/xeJiJdqTTPq09f19sHlIdg] create_mapping [timelion-sheet]
[2016-12-16T14:50:46,774][INFO ][o.e.c.m.MetaDataMappingService] [7nKG0FS] [.kibana/xeJiJdqTTPq09f19sHlIdg] update_mapping [config]
[2016-12-16T14:54:38,997][WARN ][o.e.m.j.JvmGcMonitorService] [7nKG0FS] [gc][young][7206][20] duration [1.1s], collections [1]/[1.2s], total [1.1s]/[17.8s], memory [148.2mb]->[79mb]/[247.5mb], all_pools {[young] [68.2mb]->[49.3kb]/[68.3mb]}{[survivor] [8.3mb]->[5.6mb]/[8.5mb]}{[old] [71.5mb]->[73.3mb]/[170.6mb]}
[2016-12-16T14:54:39,021][WARN ][o.e.m.j.JvmGcMonitorService] [7nKG0FS] [gc][7206] overhead, spent [1.1s] collecting in the last [1.2s]
[2016-12-16T14:56:40,032][INFO ][o.e.c.m.MetaDataMappingService] [7nKG0FS] [.kibana/xeJiJdqTTPq09f19sHlIdg] create_mapping [visualization]
[2016-12-16T15:21:17,339][WARN ][o.e.m.j.JvmGcMonitorService] [7nKG0FS] [gc][young][8802][27] duration [1.7s], collections [1]/[1.8s], total [1.7s]/[19.8s], memory [146.5mb]->[79.4mb]/[247.5mb], all_pools {[young] [68.1mb]->[283.9kb]/[68.3mb]}{[survivor] [2.7mb]->[3mb]/[8.5mb]}{[old] [75.6mb]->[76.3mb]/[170.6mb]}
[2016-12-16T15:21:17,372][WARN ][o.e.m.j.JvmGcMonitorService] [7nKG0FS] [gc][8802] overhead, spent [1.7s] collecting in the last [1.8s]
[2016-12-16T15:27:51,000][WARN ][o.e.m.j.JvmGcMonitorService] [7nKG0FS] [gc][young][9192][30] duration [3s], collections [1]/[3.9s], total [3s]/[23s], memory [125mb]->[80.1mb]/[247.5mb], all_pools {[young] [45.9mb]->[131kb]/[68.3mb]}{[survivor] [2.5mb]->[2.8mb]/[8.5mb]}{[old] [76.5mb]->[77.1mb]/[170.6mb]}
[2016-12-16T15:27:51,053][WARN ][o.e.m.j.JvmGcMonitorService] [7nKG0FS] [gc][9192] overhead, spent [3s] collecting in the last [3.9s]
[2016-12-16T15:46:07,375][INFO ][o.e.m.j.JvmGcMonitorService] [7nKG0FS] [gc][young][10287][35] duration [731ms], collections [1]/[1.3s], total [731ms]/[24s], memory [146.1mb]->[79.9mb]/[247.5mb], all_pools {[young] [66.5mb]->[308.9kb]/[68.3mb]}{[survivor] [1.5mb]->[1.4mb]/[8.5mb]}{[old] [78mb]->[78.1mb]/[170.6mb]}
[2016-12-16T15:46:07,414][WARN ][o.e.m.j.JvmGcMonitorService] [7nKG0FS] [gc][10287] overhead, spent [731ms] collecting in the last [1.3s]
[2016-12-16T17:45:44,828][WARN ][o.e.m.j.JvmGcMonitorService] [7nKG0FS] [gc][young][17459][47] duration [4.2s], collections [1]/[4.3s], total [4.2s]/[28.3s], memory [145.8mb]->[79.4mb]/[247.5mb], all_pools {[young] [66.6mb]->[238.7kb]/[68.3mb]}{[survivor] [396.3kb]->[452.8kb]/[8.5mb]}{[old] [78.7mb]->[78.7mb]/[170.6mb]}
[2016-12-16T17:45:44,877][WARN ][o.e.m.j.JvmGcMonitorService] [7nKG0FS] [gc][17459] overhead, spent [4.2s] collecting in the last [4.3s]
[2016-12-16T18:25:46,466][DEBUG][o.e.a.a.i.s.TransportIndicesStatsAction] [7nKG0FS] [indices:monitor/stats] failed to execute operation for shard [[logstash-2016.12.16][2], node[7nKG0FSJRmGhvHgc_icXsw], [P], s[STARTED], a[id=DhCq-KFURn6GUGVRBq-KnA]]
org.elasticsearch.ElasticsearchException: failed to refresh store stats
	at org.elasticsearch.index.store.Store$StoreStatsCache.refresh(Store.java:1364) ~[elasticsearch-5.1.1.jar:5.1.1]
	at org.elasticsearch.index.store.Store$StoreStatsCache.refresh(Store.java:1349) ~[elasticsearch-5.1.1.jar:5.1.1]
	at org.elasticsearch.common.util.SingleObjectCache.getOrRefresh(SingleObjectCache.java:54) ~[elasticsearch-5.1.1.jar:5.1.1]
	at org.elasticsearch.index.store.Store.stats(Store.java:301) ~[elasticsearch-5.1.1.jar:5.1.1]
	at org.elasticsearch.index.shard.IndexShard.storeStats(IndexShard.java:701) ~[elasticsearch-5.1.1.jar:5.1.1]
	at org.elasticsearch.action.admin.indices.stats.CommonStats.<init>(CommonStats.java:174) ~[elasticsearch-5.1.1.jar:5.1.1]
	at org.elasticsearch.action.admin.indices.stats.TransportIndicesStatsAction.shardOperation(TransportIndicesStatsAction.java:163) ~[elasticsearch-5.1.1.jar:5.1.1]
	at org.elasticsearch.action.admin.indices.stats.TransportIndicesStatsAction.shardOperation(TransportIndicesStatsAction.java:47) ~[elasticsearch-5.1.1.jar:5.1.1]
	at org.elasticsearch.action.support.broadcast.node.TransportBroadcastByNodeAction$BroadcastByNodeTransportRequestHandler.onShardOperation(TransportBroadcastByNodeAction.java:434) [elasticsearch-5.1.1.jar:5.1.1]
	at org.elasticsearch.action.support.broadcast.node.TransportBroadcastByNodeAction$BroadcastByNodeTransportRequestHandler.messageReceived(TransportBroadcastByNodeAction.java:413) [elasticsearch-5.1.1.jar:5.1.1]
	at org.elasticsearch.action.support.broadcast.node.TransportBroadcastByNodeAction$BroadcastByNodeTransportRequestHandler.messageReceived(TransportBroadcastByNodeAction.java:400) [elasticsearch-5.1.1.jar:5.1.1]
	at org.elasticsearch.transport.TransportRequestHandler.messageReceived(TransportRequestHandler.java:33) [elasticsearch-5.1.1.jar:5.1.1]
	at org.elasticsearch.transport.RequestHandlerRegistry.processMessageReceived(RequestHandlerRegistry.java:69) [elasticsearch-5.1.1.jar:5.1.1]
	at org.elasticsearch.transport.TransportService$6.doRun(TransportService.java:577) [elasticsearch-5.1.1.jar:5.1.1]
	at org.elasticsearch.common.util.concurrent.ThreadContext$ContextPreservingAbstractRunnable.doRun(ThreadContext.java:527) [elasticsearch-5.1.1.jar:5.1.1]
	at org.elasticsearch.common.util.concurrent.AbstractRunnable.run(AbstractRunnable.java:37) [elasticsearch-5.1.1.jar:5.1.1]
	at java.util.concurrent.ThreadPoolExecutor.runWorker(ThreadPoolExecutor.java:1142) [?:1.8.0_111]
	at java.util.concurrent.ThreadPoolExecutor$Worker.run(ThreadPoolExecutor.java:617) [?:1.8.0_111]
	at java.lang.Thread.run(Thread.java:745) [?:1.8.0_111]
Caused by: java.nio.file.NoSuchFileException: /home/ubuntu/workspace/elasticsearch-5.1.1/data/nodes/0/indices/99iaIxGBSPKJljrjgZNYlQ/2/index
	at sun.nio.fs.UnixException.translateToIOException(UnixException.java:86) ~[?:?]
	at sun.nio.fs.UnixException.rethrowAsIOException(UnixException.java:102) ~[?:?]
	at sun.nio.fs.UnixException.rethrowAsIOException(UnixException.java:107) ~[?:?]
	at sun.nio.fs.UnixFileSystemProvider.newDirectoryStream(UnixFileSystemProvider.java:427) ~[?:?]
	at java.nio.file.Files.newDirectoryStream(Files.java:457) ~[?:1.8.0_111]
	at org.apache.lucene.store.FSDirectory.listAll(FSDirectory.java:215) ~[lucene-core-6.3.0.jar:6.3.0 a66a44513ee8191e25b477372094bfa846450316 - shalin - 2016-11-02 19:47:11]
	at org.apache.lucene.store.FSDirectory.listAll(FSDirectory.java:234) ~[lucene-core-6.3.0.jar:6.3.0 a66a44513ee8191e25b477372094bfa846450316 - shalin - 2016-11-02 19:47:11]
	at org.apache.lucene.store.FilterDirectory.listAll(FilterDirectory.java:57) ~[lucene-core-6.3.0.jar:6.3.0 a66a44513ee8191e25b477372094bfa846450316 - shalin - 2016-11-02 19:47:11]
	at org.apache.lucene.store.FilterDirectory.listAll(FilterDirectory.java:57) ~[lucene-core-6.3.0.jar:6.3.0 a66a44513ee8191e25b477372094bfa846450316 - shalin - 2016-11-02 19:47:11]
	at org.elasticsearch.index.store.Store$StoreStatsCache.estimateSize(Store.java:1370) ~[elasticsearch-5.1.1.jar:5.1.1]
	at org.elasticsearch.index.store.Store$StoreStatsCache.refresh(Store.java:1362) ~[elasticsearch-5.1.1.jar:5.1.1]
	... 18 more
[2016-12-16T18:25:46,372][WARN ][o.e.e.NodeEnvironment    ] [7nKG0FS] lock assertion failed
java.nio.file.NoSuchFileException: /home/ubuntu/workspace/elasticsearch-5.1.1/data/nodes/0/node.lock
	at sun.nio.fs.UnixException.translateToIOException(UnixException.java:86) ~[?:?]
	at sun.nio.fs.UnixException.rethrowAsIOException(UnixException.java:102) ~[?:?]
	at sun.nio.fs.UnixException.rethrowAsIOException(UnixException.java:107) ~[?:?]
	at sun.nio.fs.UnixFileAttributeViews$Basic.readAttributes(UnixFileAttributeViews.java:55) ~[?:?]
	at sun.nio.fs.UnixFileSystemProvider.readAttributes(UnixFileSystemProvider.java:144) ~[?:?]
	at sun.nio.fs.LinuxFileSystemProvider.readAttributes(LinuxFileSystemProvider.java:99) ~[?:?]
	at java.nio.file.Files.readAttributes(Files.java:1737) ~[?:1.8.0_111]
	at org.apache.lucene.store.NativeFSLockFactory$NativeFSLock.ensureValid(NativeFSLockFactory.java:177) ~[lucene-core-6.3.0.jar:6.3.0 a66a44513ee8191e25b477372094bfa846450316 - shalin - 2016-11-02 19:47:11]
	at org.elasticsearch.env.NodeEnvironment.assertEnvIsLocked(NodeEnvironment.java:901) [elasticsearch-5.1.1.jar:5.1.1]
	at org.elasticsearch.env.NodeEnvironment.nodePaths(NodeEnvironment.java:753) [elasticsearch-5.1.1.jar:5.1.1]
	at org.elasticsearch.monitor.fs.FsProbe.stats(FsProbe.java:55) [elasticsearch-5.1.1.jar:5.1.1]
	at org.elasticsearch.monitor.fs.FsService.stats(FsService.java:60) [elasticsearch-5.1.1.jar:5.1.1]
	at org.elasticsearch.monitor.fs.FsService.access$200(FsService.java:33) [elasticsearch-5.1.1.jar:5.1.1]
	at org.elasticsearch.monitor.fs.FsService$FsInfoCache.refresh(FsService.java:78) [elasticsearch-5.1.1.jar:5.1.1]
	at org.elasticsearch.monitor.fs.FsService$FsInfoCache.refresh(FsService.java:67) [elasticsearch-5.1.1.jar:5.1.1]
	at org.elasticsearch.common.util.SingleObjectCache.getOrRefresh(SingleObjectCache.java:54) [elasticsearch-5.1.1.jar:5.1.1]
	at org.elasticsearch.monitor.fs.FsService.stats(FsService.java:55) [elasticsearch-5.1.1.jar:5.1.1]
	at org.elasticsearch.node.service.NodeService.stats(NodeService.java:114) [elasticsearch-5.1.1.jar:5.1.1]
	at org.elasticsearch.action.admin.cluster.node.stats.TransportNodesStatsAction.nodeOperation(TransportNodesStatsAction.java:77) [elasticsearch-5.1.1.jar:5.1.1]
	at org.elasticsearch.action.admin.cluster.node.stats.TransportNodesStatsAction.nodeOperation(TransportNodesStatsAction.java:42) [elasticsearch-5.1.1.jar:5.1.1]
	at org.elasticsearch.action.support.nodes.TransportNodesAction.nodeOperation(TransportNodesAction.java:145) [elasticsearch-5.1.1.jar:5.1.1]
	at org.elasticsearch.action.support.nodes.TransportNodesAction$NodeTransportHandler.messageReceived(TransportNodesAction.java:270) [elasticsearch-5.1.1.jar:5.1.1]
	at org.elasticsearch.action.support.nodes.TransportNodesAction$NodeTransportHandler.messageReceived(TransportNodesAction.java:266) [elasticsearch-5.1.1.jar:5.1.1]
	at org.elasticsearch.transport.RequestHandlerRegistry.processMessageReceived(RequestHandlerRegistry.java:69) [elasticsearch-5.1.1.jar:5.1.1]
	at org.elasticsearch.transport.TransportService$6.doRun(TransportService.java:577) [elasticsearch-5.1.1.jar:5.1.1]
	at org.elasticsearch.common.util.concurrent.ThreadContext$ContextPreservingAbstractRunnable.doRun(ThreadContext.java:527) [elasticsearch-5.1.1.jar:5.1.1]
	at org.elasticsearch.common.util.concurrent.AbstractRunnable.run(AbstractRunnable.java:37) [elasticsearch-5.1.1.jar:5.1.1]
	at java.util.concurrent.ThreadPoolExecutor.runWorker(ThreadPoolExecutor.java:1142) [?:1.8.0_111]
	at java.util.concurrent.ThreadPoolExecutor$Worker.run(ThreadPoolExecutor.java:617) [?:1.8.0_111]
	at java.lang.Thread.run(Thread.java:745) [?:1.8.0_111]
[2016-12-16T18:25:46,542][DEBUG][o.e.a.a.i.s.TransportIndicesStatsAction] [7nKG0FS] [indices:monitor/stats] failed to execute operation for shard [[logstash-2016.12.16][1], node[7nKG0FSJRmGhvHgc_icXsw], [P], s[STARTED], a[id=42auhWiJR6CYQyWys0PGPA]]
org.elasticsearch.ElasticsearchException: failed to refresh store stats
	at org.elasticsearch.index.store.Store$StoreStatsCache.refresh(Store.java:1364) ~[elasticsearch-5.1.1.jar:5.1.1]
	at org.elasticsearch.index.store.Store$StoreStatsCache.refresh(Store.java:1349) ~[elasticsearch-5.1.1.jar:5.1.1]
	at org.elasticsearch.common.util.SingleObjectCache.getOrRefresh(SingleObjectCache.java:54) ~[elasticsearch-5.1.1.jar:5.1.1]
	at org.elasticsearch.index.store.Store.stats(Store.java:301) ~[elasticsearch-5.1.1.jar:5.1.1]
	at org.elasticsearch.index.shard.IndexShard.storeStats(IndexShard.java:701) ~[elasticsearch-5.1.1.jar:5.1.1]
	at org.elasticsearch.action.admin.indices.stats.CommonStats.<init>(CommonStats.java:174) ~[elasticsearch-5.1.1.jar:5.1.1]
	at org.elasticsearch.action.admin.indices.stats.TransportIndicesStatsAction.shardOperation(TransportIndicesStatsAction.java:163) ~[elasticsearch-5.1.1.jar:5.1.1]
	at org.elasticsearch.action.admin.indices.stats.TransportIndicesStatsAction.shardOperation(TransportIndicesStatsAction.java:47) ~[elasticsearch-5.1.1.jar:5.1.1]
	at org.elasticsearch.action.support.broadcast.node.TransportBroadcastByNodeAction$BroadcastByNodeTransportRequestHandler.onShardOperation(TransportBroadcastByNodeAction.java:434) [elasticsearch-5.1.1.jar:5.1.1]
	at org.elasticsearch.action.support.broadcast.node.TransportBroadcastByNodeAction$BroadcastByNodeTransportRequestHandler.messageReceived(TransportBroadcastByNodeAction.java:413) [elasticsearch-5.1.1.jar:5.1.1]
	at org.elasticsearch.action.support.broadcast.node.TransportBroadcastByNodeAction$BroadcastByNodeTransportRequestHandler.messageReceived(TransportBroadcastByNodeAction.java:400) [elasticsearch-5.1.1.jar:5.1.1]
	at org.elasticsearch.transport.TransportRequestHandler.messageReceived(TransportRequestHandler.java:33) [elasticsearch-5.1.1.jar:5.1.1]
	at org.elasticsearch.transport.RequestHandlerRegistry.processMessageReceived(RequestHandlerRegistry.java:69) [elasticsearch-5.1.1.jar:5.1.1]
	at org.elasticsearch.transport.TransportService$6.doRun(TransportService.java:577) [elasticsearch-5.1.1.jar:5.1.1]
	at org.elasticsearch.common.util.concurrent.ThreadContext$ContextPreservingAbstractRunnable.doRun(ThreadContext.java:527) [elasticsearch-5.1.1.jar:5.1.1]
	at org.elasticsearch.common.util.concurrent.AbstractRunnable.run(AbstractRunnable.java:37) [elasticsearch-5.1.1.jar:5.1.1]
	at java.util.concurrent.ThreadPoolExecutor.runWorker(ThreadPoolExecutor.java:1142) [?:1.8.0_111]
	at java.util.concurrent.ThreadPoolExecutor$Worker.run(ThreadPoolExecutor.java:617) [?:1.8.0_111]
	at java.lang.Thread.run(Thread.java:745) [?:1.8.0_111]
Caused by: java.nio.file.NoSuchFileException: /home/ubuntu/workspace/elasticsearch-5.1.1/data/nodes/0/indices/99iaIxGBSPKJljrjgZNYlQ/1/index
	at sun.nio.fs.UnixException.translateToIOException(UnixException.java:86) ~[?:?]
	at sun.nio.fs.UnixException.rethrowAsIOException(UnixException.java:102) ~[?:?]
	at sun.nio.fs.UnixException.rethrowAsIOException(UnixException.java:107) ~[?:?]
	at sun.nio.fs.UnixFileSystemProvider.newDirectoryStream(UnixFileSystemProvider.java:427) ~[?:?]
	at java.nio.file.Files.newDirectoryStream(Files.java:457) ~[?:1.8.0_111]
	at org.apache.lucene.store.FSDirectory.listAll(FSDirectory.java:215) ~[lucene-core-6.3.0.jar:6.3.0 a66a44513ee8191e25b477372094bfa846450316 - shalin - 2016-11-02 19:47:11]
	at org.apache.lucene.store.FSDirectory.listAll(FSDirectory.java:234) ~[lucene-core-6.3.0.jar:6.3.0 a66a44513ee8191e25b477372094bfa846450316 - shalin - 2016-11-02 19:47:11]
	at org.apache.lucene.store.FilterDirectory.listAll(FilterDirectory.java:57) ~[lucene-core-6.3.0.jar:6.3.0 a66a44513ee8191e25b477372094bfa846450316 - shalin - 2016-11-02 19:47:11]
	at org.apache.lucene.store.FilterDirectory.listAll(FilterDirectory.java:57) ~[lucene-core-6.3.0.jar:6.3.0 a66a44513ee8191e25b477372094bfa846450316 - shalin - 2016-11-02 19:47:11]
	at org.elasticsearch.index.store.Store$StoreStatsCache.estimateSize(Store.java:1370) ~[elasticsearch-5.1.1.jar:5.1.1]
	at org.elasticsearch.index.store.Store$StoreStatsCache.refresh(Store.java:1362) ~[elasticsearch-5.1.1.jar:5.1.1]
	... 18 more
[2016-12-16T18:25:46,550][DEBUG][o.e.a.a.i.s.TransportIndicesStatsAction] [7nKG0FS] [indices:monitor/stats] failed to execute operation for shard [[logstash-2016.12.16][3], node[7nKG0FSJRmGhvHgc_icXsw], [P], s[STARTED], a[id=d4XDMJNGTceUOJQzHM3KYA]]
org.elasticsearch.ElasticsearchException: failed to refresh store stats
	at org.elasticsearch.index.store.Store$StoreStatsCache.refresh(Store.java:1364) ~[elasticsearch-5.1.1.jar:5.1.1]
	at org.elasticsearch.index.store.Store$StoreStatsCache.refresh(Store.java:1349) ~[elasticsearch-5.1.1.jar:5.1.1]
	at org.elasticsearch.common.util.SingleObjectCache.getOrRefresh(SingleObjectCache.java:54) ~[elasticsearch-5.1.1.jar:5.1.1]
	at org.elasticsearch.index.store.Store.stats(Store.java:301) ~[elasticsearch-5.1.1.jar:5.1.1]
	at org.elasticsearch.index.shard.IndexShard.storeStats(IndexShard.java:701) ~[elasticsearch-5.1.1.jar:5.1.1]
	at org.elasticsearch.action.admin.indices.stats.CommonStats.<init>(CommonStats.java:174) ~[elasticsearch-5.1.1.jar:5.1.1]
	at org.elasticsearch.action.admin.indices.stats.TransportIndicesStatsAction.shardOperation(TransportIndicesStatsAction.java:163) ~[elasticsearch-5.1.1.jar:5.1.1]
	at org.elasticsearch.action.admin.indices.stats.TransportIndicesStatsAction.shardOperation(TransportIndicesStatsAction.java:47) ~[elasticsearch-5.1.1.jar:5.1.1]
	at org.elasticsearch.action.support.broadcast.node.TransportBroadcastByNodeAction$BroadcastByNodeTransportRequestHandler.onShardOperation(TransportBroadcastByNodeAction.java:434) [elasticsearch-5.1.1.jar:5.1.1]
	at org.elasticsearch.action.support.broadcast.node.TransportBroadcastByNodeAction$BroadcastByNodeTransportRequestHandler.messageReceived(TransportBroadcastByNodeAction.java:413) [elasticsearch-5.1.1.jar:5.1.1]
	at org.elasticsearch.action.support.broadcast.node.TransportBroadcastByNodeAction$BroadcastByNodeTransportRequestHandler.messageReceived(TransportBroadcastByNodeAction.java:400) [elasticsearch-5.1.1.jar:5.1.1]
	at org.elasticsearch.transport.TransportRequestHandler.messageReceived(TransportRequestHandler.java:33) [elasticsearch-5.1.1.jar:5.1.1]
	at org.elasticsearch.transport.RequestHandlerRegistry.processMessageReceived(RequestHandlerRegistry.java:69) [elasticsearch-5.1.1.jar:5.1.1]
	at org.elasticsearch.transport.TransportService$6.doRun(TransportService.java:577) [elasticsearch-5.1.1.jar:5.1.1]
	at org.elasticsearch.common.util.concurrent.ThreadContext$ContextPreservingAbstractRunnable.doRun(ThreadContext.java:527) [elasticsearch-5.1.1.jar:5.1.1]
	at org.elasticsearch.common.util.concurrent.AbstractRunnable.run(AbstractRunnable.java:37) [elasticsearch-5.1.1.jar:5.1.1]
	at java.util.concurrent.ThreadPoolExecutor.runWorker(ThreadPoolExecutor.java:1142) [?:1.8.0_111]
	at java.util.concurrent.ThreadPoolExecutor$Worker.run(ThreadPoolExecutor.java:617) [?:1.8.0_111]
	at java.lang.Thread.run(Thread.java:745) [?:1.8.0_111]
Caused by: java.nio.file.NoSuchFileException: /home/ubuntu/workspace/elasticsearch-5.1.1/data/nodes/0/indices/99iaIxGBSPKJljrjgZNYlQ/3/index
	at sun.nio.fs.UnixException.translateToIOException(UnixException.java:86) ~[?:?]
	at sun.nio.fs.UnixException.rethrowAsIOException(UnixException.java:102) ~[?:?]
	at sun.nio.fs.UnixException.rethrowAsIOException(UnixException.java:107) ~[?:?]
	at sun.nio.fs.UnixFileSystemProvider.newDirectoryStream(UnixFileSystemProvider.java:427) ~[?:?]
	at java.nio.file.Files.newDirectoryStream(Files.java:457) ~[?:1.8.0_111]
	at org.apache.lucene.store.FSDirectory.listAll(FSDirectory.java:215) ~[lucene-core-6.3.0.jar:6.3.0 a66a44513ee8191e25b477372094bfa846450316 - shalin - 2016-11-02 19:47:11]
	at org.apache.lucene.store.FSDirectory.listAll(FSDirectory.java:234) ~[lucene-core-6.3.0.jar:6.3.0 a66a44513ee8191e25b477372094bfa846450316 - shalin - 2016-11-02 19:47:11]
	at org.apache.lucene.store.FilterDirectory.listAll(FilterDirectory.java:57) ~[lucene-core-6.3.0.jar:6.3.0 a66a44513ee8191e25b477372094bfa846450316 - shalin - 2016-11-02 19:47:11]
	at org.apache.lucene.store.FilterDirectory.listAll(FilterDirectory.java:57) ~[lucene-core-6.3.0.jar:6.3.0 a66a44513ee8191e25b477372094bfa846450316 - shalin - 2016-11-02 19:47:11]
	at org.elasticsearch.index.store.Store$StoreStatsCache.estimateSize(Store.java:1370) ~[elasticsearch-5.1.1.jar:5.1.1]
	at org.elasticsearch.index.store.Store$StoreStatsCache.refresh(Store.java:1362) ~[elasticsearch-5.1.1.jar:5.1.1]
	... 18 more
[2016-12-16T18:25:46,551][DEBUG][o.e.a.a.i.s.TransportIndicesStatsAction] [7nKG0FS] [indices:monitor/stats] failed to execute operation for shard [[logstash-2016.12.16][4], node[7nKG0FSJRmGhvHgc_icXsw], [P], s[STARTED], a[id=rV-nHgMbTneKagrW3xWSdw]]
org.elasticsearch.ElasticsearchException: failed to refresh store stats
	at org.elasticsearch.index.store.Store$StoreStatsCache.refresh(Store.java:1364) ~[elasticsearch-5.1.1.jar:5.1.1]
	at org.elasticsearch.index.store.Store$StoreStatsCache.refresh(Store.java:1349) ~[elasticsearch-5.1.1.jar:5.1.1]
	at org.elasticsearch.common.util.SingleObjectCache.getOrRefresh(SingleObjectCache.java:54) ~[elasticsearch-5.1.1.jar:5.1.1]
	at org.elasticsearch.index.store.Store.stats(Store.java:301) ~[elasticsearch-5.1.1.jar:5.1.1]
	at org.elasticsearch.index.shard.IndexShard.storeStats(IndexShard.java:701) ~[elasticsearch-5.1.1.jar:5.1.1]
	at org.elasticsearch.action.admin.indices.stats.CommonStats.<init>(CommonStats.java:174) ~[elasticsearch-5.1.1.jar:5.1.1]
	at org.elasticsearch.action.admin.indices.stats.TransportIndicesStatsAction.shardOperation(TransportIndicesStatsAction.java:163) ~[elasticsearch-5.1.1.jar:5.1.1]
	at org.elasticsearch.action.admin.indices.stats.TransportIndicesStatsAction.shardOperation(TransportIndicesStatsAction.java:47) ~[elasticsearch-5.1.1.jar:5.1.1]
	at org.elasticsearch.action.support.broadcast.node.TransportBroadcastByNodeAction$BroadcastByNodeTransportRequestHandler.onShardOperation(TransportBroadcastByNodeAction.java:434) [elasticsearch-5.1.1.jar:5.1.1]
	at org.elasticsearch.action.support.broadcast.node.TransportBroadcastByNodeAction$BroadcastByNodeTransportRequestHandler.messageReceived(TransportBroadcastByNodeAction.java:413) [elasticsearch-5.1.1.jar:5.1.1]
	at org.elasticsearch.action.support.broadcast.node.TransportBroadcastByNodeAction$BroadcastByNodeTransportRequestHandler.messageReceived(TransportBroadcastByNodeAction.java:400) [elasticsearch-5.1.1.jar:5.1.1]
	at org.elasticsearch.transport.TransportRequestHandler.messageReceived(TransportRequestHandler.java:33) [elasticsearch-5.1.1.jar:5.1.1]
	at org.elasticsearch.transport.RequestHandlerRegistry.processMessageReceived(RequestHandlerRegistry.java:69) [elasticsearch-5.1.1.jar:5.1.1]
	at org.elasticsearch.transport.TransportService$6.doRun(TransportService.java:577) [elasticsearch-5.1.1.jar:5.1.1]
	at org.elasticsearch.common.util.concurrent.ThreadContext$ContextPreservingAbstractRunnable.doRun(ThreadContext.java:527) [elasticsearch-5.1.1.jar:5.1.1]
	at org.elasticsearch.common.util.concurrent.AbstractRunnable.run(AbstractRunnable.java:37) [elasticsearch-5.1.1.jar:5.1.1]
	at java.util.concurrent.ThreadPoolExecutor.runWorker(ThreadPoolExecutor.java:1142) [?:1.8.0_111]
	at java.util.concurrent.ThreadPoolExecutor$Worker.run(ThreadPoolExecutor.java:617) [?:1.8.0_111]
	at java.lang.Thread.run(Thread.java:745) [?:1.8.0_111]
Caused by: java.nio.file.NoSuchFileException: /home/ubuntu/workspace/elasticsearch-5.1.1/data/nodes/0/indices/99iaIxGBSPKJljrjgZNYlQ/4/index
	at sun.nio.fs.UnixException.translateToIOException(UnixException.java:86) ~[?:?]
	at sun.nio.fs.UnixException.rethrowAsIOException(UnixException.java:102) ~[?:?]
	at sun.nio.fs.UnixException.rethrowAsIOException(UnixException.java:107) ~[?:?]
	at sun.nio.fs.UnixFileSystemProvider.newDirectoryStream(UnixFileSystemProvider.java:427) ~[?:?]
	at java.nio.file.Files.newDirectoryStream(Files.java:457) ~[?:1.8.0_111]
	at org.apache.lucene.store.FSDirectory.listAll(FSDirectory.java:215) ~[lucene-core-6.3.0.jar:6.3.0 a66a44513ee8191e25b477372094bfa846450316 - shalin - 2016-11-02 19:47:11]
	at org.apache.lucene.store.FSDirectory.listAll(FSDirectory.java:234) ~[lucene-core-6.3.0.jar:6.3.0 a66a44513ee8191e25b477372094bfa846450316 - shalin - 2016-11-02 19:47:11]
	at org.apache.lucene.store.FilterDirectory.listAll(FilterDirectory.java:57) ~[lucene-core-6.3.0.jar:6.3.0 a66a44513ee8191e25b477372094bfa846450316 - shalin - 2016-11-02 19:47:11]
	at org.apache.lucene.store.FilterDirectory.listAll(FilterDirectory.java:57) ~[lucene-core-6.3.0.jar:6.3.0 a66a44513ee8191e25b477372094bfa846450316 - shalin - 2016-11-02 19:47:11]
	at org.elasticsearch.index.store.Store$StoreStatsCache.estimateSize(Store.java:1370) ~[elasticsearch-5.1.1.jar:5.1.1]
	at org.elasticsearch.index.store.Store$StoreStatsCache.refresh(Store.java:1362) ~[elasticsearch-5.1.1.jar:5.1.1]
	... 18 more
[2016-12-16T18:25:46,553][DEBUG][o.e.a.a.i.s.TransportIndicesStatsAction] [7nKG0FS] [indices:monitor/stats] failed to execute operation for shard [[logstash-2016.12.16][0], node[7nKG0FSJRmGhvHgc_icXsw], [P], s[STARTED], a[id=4igzIhGASfyvtttQIDuMbw]]
org.elasticsearch.ElasticsearchException: failed to refresh store stats
	at org.elasticsearch.index.store.Store$StoreStatsCache.refresh(Store.java:1364) ~[elasticsearch-5.1.1.jar:5.1.1]
	at org.elasticsearch.index.store.Store$StoreStatsCache.refresh(Store.java:1349) ~[elasticsearch-5.1.1.jar:5.1.1]
	at org.elasticsearch.common.util.SingleObjectCache.getOrRefresh(SingleObjectCache.java:54) ~[elasticsearch-5.1.1.jar:5.1.1]
	at org.elasticsearch.index.store.Store.stats(Store.java:301) ~[elasticsearch-5.1.1.jar:5.1.1]
	at org.elasticsearch.index.shard.IndexShard.storeStats(IndexShard.java:701) ~[elasticsearch-5.1.1.jar:5.1.1]
	at org.elasticsearch.action.admin.indices.stats.CommonStats.<init>(CommonStats.java:174) ~[elasticsearch-5.1.1.jar:5.1.1]
	at org.elasticsearch.action.admin.indices.stats.TransportIndicesStatsAction.shardOperation(TransportIndicesStatsAction.java:163) ~[elasticsearch-5.1.1.jar:5.1.1]
	at org.elasticsearch.action.admin.indices.stats.TransportIndicesStatsAction.shardOperation(TransportIndicesStatsAction.java:47) ~[elasticsearch-5.1.1.jar:5.1.1]
	at org.elasticsearch.action.support.broadcast.node.TransportBroadcastByNodeAction$BroadcastByNodeTransportRequestHandler.onShardOperation(TransportBroadcastByNodeAction.java:434) [elasticsearch-5.1.1.jar:5.1.1]
	at org.elasticsearch.action.support.broadcast.node.TransportBroadcastByNodeAction$BroadcastByNodeTransportRequestHandler.messageReceived(TransportBroadcastByNodeAction.java:413) [elasticsearch-5.1.1.jar:5.1.1]
	at org.elasticsearch.action.support.broadcast.node.TransportBroadcastByNodeAction$BroadcastByNodeTransportRequestHandler.messageReceived(TransportBroadcastByNodeAction.java:400) [elasticsearch-5.1.1.jar:5.1.1]
	at org.elasticsearch.transport.TransportRequestHandler.messageReceived(TransportRequestHandler.java:33) [elasticsearch-5.1.1.jar:5.1.1]
	at org.elasticsearch.transport.RequestHandlerRegistry.processMessageReceived(RequestHandlerRegistry.java:69) [elasticsearch-5.1.1.jar:5.1.1]
	at org.elasticsearch.transport.TransportService$6.doRun(TransportService.java:577) [elasticsearch-5.1.1.jar:5.1.1]
	at org.elasticsearch.common.util.concurrent.ThreadContext$ContextPreservingAbstractRunnable.doRun(ThreadContext.java:527) [elasticsearch-5.1.1.jar:5.1.1]
	at org.elasticsearch.common.util.concurrent.AbstractRunnable.run(AbstractRunnable.java:37) [elasticsearch-5.1.1.jar:5.1.1]
	at java.util.concurrent.ThreadPoolExecutor.runWorker(ThreadPoolExecutor.java:1142) [?:1.8.0_111]
	at java.util.concurrent.ThreadPoolExecutor$Worker.run(ThreadPoolExecutor.java:617) [?:1.8.0_111]
	at java.lang.Thread.run(Thread.java:745) [?:1.8.0_111]
Caused by: java.nio.file.NoSuchFileException: /home/ubuntu/workspace/elasticsearch-5.1.1/data/nodes/0/indices/99iaIxGBSPKJljrjgZNYlQ/0/index
	at sun.nio.fs.UnixException.translateToIOException(UnixException.java:86) ~[?:?]
	at sun.nio.fs.UnixException.rethrowAsIOException(UnixException.java:102) ~[?:?]
	at sun.nio.fs.UnixException.rethrowAsIOException(UnixException.java:107) ~[?:?]
	at sun.nio.fs.UnixFileSystemProvider.newDirectoryStream(UnixFileSystemProvider.java:427) ~[?:?]
	at java.nio.file.Files.newDirectoryStream(Files.java:457) ~[?:1.8.0_111]
	at org.apache.lucene.store.FSDirectory.listAll(FSDirectory.java:215) ~[lucene-core-6.3.0.jar:6.3.0 a66a44513ee8191e25b477372094bfa846450316 - shalin - 2016-11-02 19:47:11]
	at org.apache.lucene.store.FSDirectory.listAll(FSDirectory.java:234) ~[lucene-core-6.3.0.jar:6.3.0 a66a44513ee8191e25b477372094bfa846450316 - shalin - 2016-11-02 19:47:11]
	at org.apache.lucene.store.FilterDirectory.listAll(FilterDirectory.java:57) ~[lucene-core-6.3.0.jar:6.3.0 a66a44513ee8191e25b477372094bfa846450316 - shalin - 2016-11-02 19:47:11]
	at org.apache.lucene.store.FilterDirectory.listAll(FilterDirectory.java:57) ~[lucene-core-6.3.0.jar:6.3.0 a66a44513ee8191e25b477372094bfa846450316 - shalin - 2016-11-02 19:47:11]
	at org.elasticsearch.index.store.Store$StoreStatsCache.estimateSize(Store.java:1370) ~[elasticsearch-5.1.1.jar:5.1.1]
	at org.elasticsearch.index.store.Store$StoreStatsCache.refresh(Store.java:1362) ~[elasticsearch-5.1.1.jar:5.1.1]
	... 18 more
[2016-12-16T18:25:46,555][DEBUG][o.e.a.a.i.s.TransportIndicesStatsAction] [7nKG0FS] [indices:monitor/stats] failed to execute operation for shard [[.kibana][0], node[7nKG0FSJRmGhvHgc_icXsw], [P], s[STARTED], a[id=od8rknVuQYiFKhN-VDPxTg]]
org.elasticsearch.ElasticsearchException: failed to refresh store stats
	at org.elasticsearch.index.store.Store$StoreStatsCache.refresh(Store.java:1364) ~[elasticsearch-5.1.1.jar:5.1.1]
	at org.elasticsearch.index.store.Store$StoreStatsCache.refresh(Store.java:1349) ~[elasticsearch-5.1.1.jar:5.1.1]
	at org.elasticsearch.common.util.SingleObjectCache.getOrRefresh(SingleObjectCache.java:54) ~[elasticsearch-5.1.1.jar:5.1.1]
	at org.elasticsearch.index.store.Store.stats(Store.java:301) ~[elasticsearch-5.1.1.jar:5.1.1]
	at org.elasticsearch.index.shard.IndexShard.storeStats(IndexShard.java:701) ~[elasticsearch-5.1.1.jar:5.1.1]
	at org.elasticsearch.action.admin.indices.stats.CommonStats.<init>(CommonStats.java:174) ~[elasticsearch-5.1.1.jar:5.1.1]
	at org.elasticsearch.action.admin.indices.stats.TransportIndicesStatsAction.shardOperation(TransportIndicesStatsAction.java:163) ~[elasticsearch-5.1.1.jar:5.1.1]
	at org.elasticsearch.action.admin.indices.stats.TransportIndicesStatsAction.shardOperation(TransportIndicesStatsAction.java:47) ~[elasticsearch-5.1.1.jar:5.1.1]
	at org.elasticsearch.action.support.broadcast.node.TransportBroadcastByNodeAction$BroadcastByNodeTransportRequestHandler.onShardOperation(TransportBroadcastByNodeAction.java:434) [elasticsearch-5.1.1.jar:5.1.1]
	at org.elasticsearch.action.support.broadcast.node.TransportBroadcastByNodeAction$BroadcastByNodeTransportRequestHandler.messageReceived(TransportBroadcastByNodeAction.java:413) [elasticsearch-5.1.1.jar:5.1.1]
	at org.elasticsearch.action.support.broadcast.node.TransportBroadcastByNodeAction$BroadcastByNodeTransportRequestHandler.messageReceived(TransportBroadcastByNodeAction.java:400) [elasticsearch-5.1.1.jar:5.1.1]
	at org.elasticsearch.transport.TransportRequestHandler.messageReceived(TransportRequestHandler.java:33) [elasticsearch-5.1.1.jar:5.1.1]
	at org.elasticsearch.transport.RequestHandlerRegistry.processMessageReceived(RequestHandlerRegistry.java:69) [elasticsearch-5.1.1.jar:5.1.1]
	at org.elasticsearch.transport.TransportService$6.doRun(TransportService.java:577) [elasticsearch-5.1.1.jar:5.1.1]
	at org.elasticsearch.common.util.concurrent.ThreadContext$ContextPreservingAbstractRunnable.doRun(ThreadContext.java:527) [elasticsearch-5.1.1.jar:5.1.1]
	at org.elasticsearch.common.util.concurrent.AbstractRunnable.run(AbstractRunnable.java:37) [elasticsearch-5.1.1.jar:5.1.1]
	at java.util.concurrent.ThreadPoolExecutor.runWorker(ThreadPoolExecutor.java:1142) [?:1.8.0_111]
	at java.util.concurrent.ThreadPoolExecutor$Worker.run(ThreadPoolExecutor.java:617) [?:1.8.0_111]
	at java.lang.Thread.run(Thread.java:745) [?:1.8.0_111]
Caused by: java.nio.file.NoSuchFileException: /home/ubuntu/workspace/elasticsearch-5.1.1/data/nodes/0/indices/xeJiJdqTTPq09f19sHlIdg/0/index
	at sun.nio.fs.UnixException.translateToIOException(UnixException.java:86) ~[?:?]
	at sun.nio.fs.UnixException.rethrowAsIOException(UnixException.java:102) ~[?:?]
	at sun.nio.fs.UnixException.rethrowAsIOException(UnixException.java:107) ~[?:?]
	at sun.nio.fs.UnixFileSystemProvider.newDirectoryStream(UnixFileSystemProvider.java:427) ~[?:?]
	at java.nio.file.Files.newDirectoryStream(Files.java:457) ~[?:1.8.0_111]
	at org.apache.lucene.store.FSDirectory.listAll(FSDirectory.java:215) ~[lucene-core-6.3.0.jar:6.3.0 a66a44513ee8191e25b477372094bfa846450316 - shalin - 2016-11-02 19:47:11]
	at org.apache.lucene.store.FSDirectory.listAll(FSDirectory.java:234) ~[lucene-core-6.3.0.jar:6.3.0 a66a44513ee8191e25b477372094bfa846450316 - shalin - 2016-11-02 19:47:11]
	at org.apache.lucene.store.FilterDirectory.listAll(FilterDirectory.java:57) ~[lucene-core-6.3.0.jar:6.3.0 a66a44513ee8191e25b477372094bfa846450316 - shalin - 2016-11-02 19:47:11]
	at org.apache.lucene.store.FilterDirectory.listAll(FilterDirectory.java:57) ~[lucene-core-6.3.0.jar:6.3.0 a66a44513ee8191e25b477372094bfa846450316 - shalin - 2016-11-02 19:47:11]
	at org.elasticsearch.index.store.Store$StoreStatsCache.estimateSize(Store.java:1370) ~[elasticsearch-5.1.1.jar:5.1.1]
	at org.elasticsearch.index.store.Store$StoreStatsCache.refresh(Store.java:1362) ~[elasticsearch-5.1.1.jar:5.1.1]
	... 18 more
[2016-12-16T18:25:46,548][DEBUG][o.e.a.a.c.n.s.TransportNodesStatsAction] [7nKG0FS] failed to execute on node [7nKG0FSJRmGhvHgc_icXsw]
org.elasticsearch.transport.RemoteTransportException: [7nKG0FS][127.0.0.1:9300][cluster:monitor/nodes/stats[n]]
Caused by: java.lang.IllegalStateException: environment is not locked
	at org.elasticsearch.env.NodeEnvironment.assertEnvIsLocked(NodeEnvironment.java:904) ~[elasticsearch-5.1.1.jar:5.1.1]
	at org.elasticsearch.env.NodeEnvironment.nodePaths(NodeEnvironment.java:753) ~[elasticsearch-5.1.1.jar:5.1.1]
	at org.elasticsearch.monitor.fs.FsProbe.stats(FsProbe.java:55) ~[elasticsearch-5.1.1.jar:5.1.1]
	at org.elasticsearch.monitor.fs.FsService.stats(FsService.java:60) ~[elasticsearch-5.1.1.jar:5.1.1]
	at org.elasticsearch.monitor.fs.FsService.access$200(FsService.java:33) ~[elasticsearch-5.1.1.jar:5.1.1]
	at org.elasticsearch.monitor.fs.FsService$FsInfoCache.refresh(FsService.java:78) ~[elasticsearch-5.1.1.jar:5.1.1]
	at org.elasticsearch.monitor.fs.FsService$FsInfoCache.refresh(FsService.java:67) ~[elasticsearch-5.1.1.jar:5.1.1]
	at org.elasticsearch.common.util.SingleObjectCache.getOrRefresh(SingleObjectCache.java:54) ~[elasticsearch-5.1.1.jar:5.1.1]
	at org.elasticsearch.monitor.fs.FsService.stats(FsService.java:55) ~[elasticsearch-5.1.1.jar:5.1.1]
	at org.elasticsearch.node.service.NodeService.stats(NodeService.java:114) ~[elasticsearch-5.1.1.jar:5.1.1]
	at org.elasticsearch.action.admin.cluster.node.stats.TransportNodesStatsAction.nodeOperation(TransportNodesStatsAction.java:77) ~[elasticsearch-5.1.1.jar:5.1.1]
	at org.elasticsearch.action.admin.cluster.node.stats.TransportNodesStatsAction.nodeOperation(TransportNodesStatsAction.java:42) ~[elasticsearch-5.1.1.jar:5.1.1]
	at org.elasticsearch.action.support.nodes.TransportNodesAction.nodeOperation(TransportNodesAction.java:145) ~[elasticsearch-5.1.1.jar:5.1.1]
	at org.elasticsearch.action.support.nodes.TransportNodesAction$NodeTransportHandler.messageReceived(TransportNodesAction.java:270) ~[elasticsearch-5.1.1.jar:5.1.1]
	at org.elasticsearch.action.support.nodes.TransportNodesAction$NodeTransportHandler.messageReceived(TransportNodesAction.java:266) ~[elasticsearch-5.1.1.jar:5.1.1]
	at org.elasticsearch.transport.RequestHandlerRegistry.processMessageReceived(RequestHandlerRegistry.java:69) ~[elasticsearch-5.1.1.jar:5.1.1]
	at org.elasticsearch.transport.TransportService$6.doRun(TransportService.java:577) [elasticsearch-5.1.1.jar:5.1.1]
	at org.elasticsearch.common.util.concurrent.ThreadContext$ContextPreservingAbstractRunnable.doRun(ThreadContext.java:527) [elasticsearch-5.1.1.jar:5.1.1]
	at org.elasticsearch.common.util.concurrent.AbstractRunnable.run(AbstractRunnable.java:37) [elasticsearch-5.1.1.jar:5.1.1]
	at java.util.concurrent.ThreadPoolExecutor.runWorker(ThreadPoolExecutor.java:1142) [?:1.8.0_111]
	at java.util.concurrent.ThreadPoolExecutor$Worker.run(ThreadPoolExecutor.java:617) [?:1.8.0_111]
	at java.lang.Thread.run(Thread.java:745) [?:1.8.0_111]
Caused by: java.nio.file.NoSuchFileException: /home/ubuntu/workspace/elasticsearch-5.1.1/data/nodes/0/node.lock
	at sun.nio.fs.UnixException.translateToIOException(UnixException.java:86) ~[?:?]
	at sun.nio.fs.UnixException.rethrowAsIOException(UnixException.java:102) ~[?:?]
	at sun.nio.fs.UnixException.rethrowAsIOException(UnixException.java:107) ~[?:?]
	at sun.nio.fs.UnixFileAttributeViews$Basic.readAttributes(UnixFileAttributeViews.java:55) ~[?:?]
	at sun.nio.fs.UnixFileSystemProvider.readAttributes(UnixFileSystemProvider.java:144) ~[?:?]
	at sun.nio.fs.LinuxFileSystemProvider.readAttributes(LinuxFileSystemProvider.java:99) ~[?:?]
	at java.nio.file.Files.readAttributes(Files.java:1737) ~[?:1.8.0_111]
	at org.apache.lucene.store.NativeFSLockFactory$NativeFSLock.ensureValid(NativeFSLockFactory.java:177) ~[lucene-core-6.3.0.jar:6.3.0 a66a44513ee8191e25b477372094bfa846450316 - shalin - 2016-11-02 19:47:11]
	at org.elasticsearch.env.NodeEnvironment.assertEnvIsLocked(NodeEnvironment.java:901) ~[elasticsearch-5.1.1.jar:5.1.1]
	at org.elasticsearch.env.NodeEnvironment.nodePaths(NodeEnvironment.java:753) ~[elasticsearch-5.1.1.jar:5.1.1]
	at org.elasticsearch.monitor.fs.FsProbe.stats(FsProbe.java:55) ~[elasticsearch-5.1.1.jar:5.1.1]
	at org.elasticsearch.monitor.fs.FsService.stats(FsService.java:60) ~[elasticsearch-5.1.1.jar:5.1.1]
	at org.elasticsearch.monitor.fs.FsService.access$200(FsService.java:33) ~[elasticsearch-5.1.1.jar:5.1.1]
	at org.elasticsearch.monitor.fs.FsService$FsInfoCache.refresh(FsService.java:78) ~[elasticsearch-5.1.1.jar:5.1.1]
	at org.elasticsearch.monitor.fs.FsService$FsInfoCache.refresh(FsService.java:67) ~[elasticsearch-5.1.1.jar:5.1.1]
	at org.elasticsearch.common.util.SingleObjectCache.getOrRefresh(SingleObjectCache.java:54) ~[elasticsearch-5.1.1.jar:5.1.1]
	at org.elasticsearch.monitor.fs.FsService.stats(FsService.java:55) ~[elasticsearch-5.1.1.jar:5.1.1]
	at org.elasticsearch.node.service.NodeService.stats(NodeService.java:114) ~[elasticsearch-5.1.1.jar:5.1.1]
	at org.elasticsearch.action.admin.cluster.node.stats.TransportNodesStatsAction.nodeOperation(TransportNodesStatsAction.java:77) ~[elasticsearch-5.1.1.jar:5.1.1]
	at org.elasticsearch.action.admin.cluster.node.stats.TransportNodesStatsAction.nodeOperation(TransportNodesStatsAction.java:42) ~[elasticsearch-5.1.1.jar:5.1.1]
	at org.elasticsearch.action.support.nodes.TransportNodesAction.nodeOperation(TransportNodesAction.java:145) ~[elasticsearch-5.1.1.jar:5.1.1]
	at org.elasticsearch.action.support.nodes.TransportNodesAction$NodeTransportHandler.messageReceived(TransportNodesAction.java:270) ~[elasticsearch-5.1.1.jar:5.1.1]
	at org.elasticsearch.action.support.nodes.TransportNodesAction$NodeTransportHandler.messageReceived(TransportNodesAction.java:266) ~[elasticsearch-5.1.1.jar:5.1.1]
	at org.elasticsearch.transport.RequestHandlerRegistry.processMessageReceived(RequestHandlerRegistry.java:69) ~[elasticsearch-5.1.1.jar:5.1.1]
	at org.elasticsearch.transport.TransportService$6.doRun(TransportService.java:577) ~[elasticsearch-5.1.1.jar:5.1.1]
	at org.elasticsearch.common.util.concurrent.ThreadContext$ContextPreservingAbstractRunnable.doRun(ThreadContext.java:527) ~[elasticsearch-5.1.1.jar:5.1.1]
	at org.elasticsearch.common.util.concurrent.AbstractRunnable.run(AbstractRunnable.java:37) ~[elasticsearch-5.1.1.jar:5.1.1]
	at java.util.concurrent.ThreadPoolExecutor.runWorker(ThreadPoolExecutor.java:1142) ~[?:1.8.0_111]
	at java.util.concurrent.ThreadPoolExecutor$Worker.run(ThreadPoolExecutor.java:617) ~[?:1.8.0_111]
	at java.lang.Thread.run(Thread.java:745) ~[?:1.8.0_111]
[2016-12-16T18:25:46,592][WARN ][o.e.a.a.c.n.s.TransportNodesStatsAction] [7nKG0FS] not accumulating exceptions, excluding exception from response
org.elasticsearch.action.FailedNodeException: Failed node [7nKG0FSJRmGhvHgc_icXsw]
	at org.elasticsearch.action.support.nodes.TransportNodesAction$AsyncAction.onFailure(TransportNodesAction.java:247) [elasticsearch-5.1.1.jar:5.1.1]
	at org.elasticsearch.action.support.nodes.TransportNodesAction$AsyncAction.access$300(TransportNodesAction.java:160) [elasticsearch-5.1.1.jar:5.1.1]
	at org.elasticsearch.action.support.nodes.TransportNodesAction$AsyncAction$1.handleException(TransportNodesAction.java:219) [elasticsearch-5.1.1.jar:5.1.1]
	at org.elasticsearch.transport.TransportService$ContextRestoreResponseHandler.handleException(TransportService.java:984) [elasticsearch-5.1.1.jar:5.1.1]
	at org.elasticsearch.transport.TransportService$DirectResponseChannel.processException(TransportService.java:1091) [elasticsearch-5.1.1.jar:5.1.1]
	at org.elasticsearch.transport.TransportService$DirectResponseChannel.sendResponse(TransportService.java:1069) [elasticsearch-5.1.1.jar:5.1.1]
	at org.elasticsearch.transport.TransportService$6.onFailure(TransportService.java:588) [elasticsearch-5.1.1.jar:5.1.1]
	at org.elasticsearch.common.util.concurrent.ThreadContext$ContextPreservingAbstractRunnable.onFailure(ThreadContext.java:512) [elasticsearch-5.1.1.jar:5.1.1]
	at org.elasticsearch.common.util.concurrent.AbstractRunnable.run(AbstractRunnable.java:39) [elasticsearch-5.1.1.jar:5.1.1]
	at java.util.concurrent.ThreadPoolExecutor.runWorker(ThreadPoolExecutor.java:1142) [?:1.8.0_111]
	at java.util.concurrent.ThreadPoolExecutor$Worker.run(ThreadPoolExecutor.java:617) [?:1.8.0_111]
	at java.lang.Thread.run(Thread.java:745) [?:1.8.0_111]
Caused by: org.elasticsearch.transport.RemoteTransportException: [7nKG0FS][127.0.0.1:9300][cluster:monitor/nodes/stats[n]]
Caused by: java.lang.IllegalStateException: environment is not locked
	at org.elasticsearch.env.NodeEnvironment.assertEnvIsLocked(NodeEnvironment.java:904) ~[elasticsearch-5.1.1.jar:5.1.1]
	at org.elasticsearch.env.NodeEnvironment.nodePaths(NodeEnvironment.java:753) ~[elasticsearch-5.1.1.jar:5.1.1]
	at org.elasticsearch.monitor.fs.FsProbe.stats(FsProbe.java:55) ~[elasticsearch-5.1.1.jar:5.1.1]
	at org.elasticsearch.monitor.fs.FsService.stats(FsService.java:60) ~[elasticsearch-5.1.1.jar:5.1.1]
	at org.elasticsearch.monitor.fs.FsService.access$200(FsService.java:33) ~[elasticsearch-5.1.1.jar:5.1.1]
	at org.elasticsearch.monitor.fs.FsService$FsInfoCache.refresh(FsService.java:78) ~[elasticsearch-5.1.1.jar:5.1.1]
	at org.elasticsearch.monitor.fs.FsService$FsInfoCache.refresh(FsService.java:67) ~[elasticsearch-5.1.1.jar:5.1.1]
	at org.elasticsearch.common.util.SingleObjectCache.getOrRefresh(SingleObjectCache.java:54) ~[elasticsearch-5.1.1.jar:5.1.1]
	at org.elasticsearch.monitor.fs.FsService.stats(FsService.java:55) ~[elasticsearch-5.1.1.jar:5.1.1]
	at org.elasticsearch.node.service.NodeService.stats(NodeService.java:114) ~[elasticsearch-5.1.1.jar:5.1.1]
	at org.elasticsearch.action.admin.cluster.node.stats.TransportNodesStatsAction.nodeOperation(TransportNodesStatsAction.java:77) ~[elasticsearch-5.1.1.jar:5.1.1]
	at org.elasticsearch.action.admin.cluster.node.stats.TransportNodesStatsAction.nodeOperation(TransportNodesStatsAction.java:42) ~[elasticsearch-5.1.1.jar:5.1.1]
	at org.elasticsearch.action.support.nodes.TransportNodesAction.nodeOperation(TransportNodesAction.java:145) ~[elasticsearch-5.1.1.jar:5.1.1]
	at org.elasticsearch.action.support.nodes.TransportNodesAction$NodeTransportHandler.messageReceived(TransportNodesAction.java:270) ~[elasticsearch-5.1.1.jar:5.1.1]
	at org.elasticsearch.action.support.nodes.TransportNodesAction$NodeTransportHandler.messageReceived(TransportNodesAction.java:266) ~[elasticsearch-5.1.1.jar:5.1.1]
	at org.elasticsearch.transport.RequestHandlerRegistry.processMessageReceived(RequestHandlerRegistry.java:69) ~[elasticsearch-5.1.1.jar:5.1.1]
	at org.elasticsearch.transport.TransportService$6.doRun(TransportService.java:577) ~[elasticsearch-5.1.1.jar:5.1.1]
	at org.elasticsearch.common.util.concurrent.ThreadContext$ContextPreservingAbstractRunnable.doRun(ThreadContext.java:527) ~[elasticsearch-5.1.1.jar:5.1.1]
	at org.elasticsearch.common.util.concurrent.AbstractRunnable.run(AbstractRunnable.java:37) ~[elasticsearch-5.1.1.jar:5.1.1]
	... 3 more
Caused by: java.nio.file.NoSuchFileException: /home/ubuntu/workspace/elasticsearch-5.1.1/data/nodes/0/node.lock
	at sun.nio.fs.UnixException.translateToIOException(UnixException.java:86) ~[?:?]
	at sun.nio.fs.UnixException.rethrowAsIOException(UnixException.java:102) ~[?:?]
	at sun.nio.fs.UnixException.rethrowAsIOException(UnixException.java:107) ~[?:?]
	at sun.nio.fs.UnixFileAttributeViews$Basic.readAttributes(UnixFileAttributeViews.java:55) ~[?:?]
	at sun.nio.fs.UnixFileSystemProvider.readAttributes(UnixFileSystemProvider.java:144) ~[?:?]
	at sun.nio.fs.LinuxFileSystemProvider.readAttributes(LinuxFileSystemProvider.java:99) ~[?:?]
	at java.nio.file.Files.readAttributes(Files.java:1737) ~[?:1.8.0_111]
	at org.apache.lucene.store.NativeFSLockFactory$NativeFSLock.ensureValid(NativeFSLockFactory.java:177) ~[lucene-core-6.3.0.jar:6.3.0 a66a44513ee8191e25b477372094bfa846450316 - shalin - 2016-11-02 19:47:11]
	at org.elasticsearch.env.NodeEnvironment.assertEnvIsLocked(NodeEnvironment.java:901) ~[elasticsearch-5.1.1.jar:5.1.1]
	at org.elasticsearch.env.NodeEnvironment.nodePaths(NodeEnvironment.java:753) ~[elasticsearch-5.1.1.jar:5.1.1]
	at org.elasticsearch.monitor.fs.FsProbe.stats(FsProbe.java:55) ~[elasticsearch-5.1.1.jar:5.1.1]
	at org.elasticsearch.monitor.fs.FsService.stats(FsService.java:60) ~[elasticsearch-5.1.1.jar:5.1.1]
	at org.elasticsearch.monitor.fs.FsService.access$200(FsService.java:33) ~[elasticsearch-5.1.1.jar:5.1.1]
	at org.elasticsearch.monitor.fs.FsService$FsInfoCache.refresh(FsService.java:78) ~[elasticsearch-5.1.1.jar:5.1.1]
	at org.elasticsearch.monitor.fs.FsService$FsInfoCache.refresh(FsService.java:67) ~[elasticsearch-5.1.1.jar:5.1.1]
	at org.elasticsearch.common.util.SingleObjectCache.getOrRefresh(SingleObjectCache.java:54) ~[elasticsearch-5.1.1.jar:5.1.1]
	at org.elasticsearch.monitor.fs.FsService.stats(FsService.java:55) ~[elasticsearch-5.1.1.jar:5.1.1]
	at org.elasticsearch.node.service.NodeService.stats(NodeService.java:114) ~[elasticsearch-5.1.1.jar:5.1.1]
	at org.elasticsearch.action.admin.cluster.node.stats.TransportNodesStatsAction.nodeOperation(TransportNodesStatsAction.java:77) ~[elasticsearch-5.1.1.jar:5.1.1]
	at org.elasticsearch.action.admin.cluster.node.stats.TransportNodesStatsAction.nodeOperation(TransportNodesStatsAction.java:42) ~[elasticsearch-5.1.1.jar:5.1.1]
	at org.elasticsearch.action.support.nodes.TransportNodesAction.nodeOperation(TransportNodesAction.java:145) ~[elasticsearch-5.1.1.jar:5.1.1]
	at org.elasticsearch.action.support.nodes.TransportNodesAction$NodeTransportHandler.messageReceived(TransportNodesAction.java:270) ~[elasticsearch-5.1.1.jar:5.1.1]
	at org.elasticsearch.action.support.nodes.TransportNodesAction$NodeTransportHandler.messageReceived(TransportNodesAction.java:266) ~[elasticsearch-5.1.1.jar:5.1.1]
	at org.elasticsearch.transport.RequestHandlerRegistry.processMessageReceived(RequestHandlerRegistry.java:69) ~[elasticsearch-5.1.1.jar:5.1.1]
	at org.elasticsearch.transport.TransportService$6.doRun(TransportService.java:577) ~[elasticsearch-5.1.1.jar:5.1.1]
	at org.elasticsearch.common.util.concurrent.ThreadContext$ContextPreservingAbstractRunnable.doRun(ThreadContext.java:527) ~[elasticsearch-5.1.1.jar:5.1.1]
	at org.elasticsearch.common.util.concurrent.AbstractRunnable.run(AbstractRunnable.java:37) ~[elasticsearch-5.1.1.jar:5.1.1]
	... 3 more
[2016-12-16T18:29:33,846][INFO ][o.e.n.Node               ] [7nKG0FS] stopping ...
[2016-12-16T18:29:34,830][INFO ][o.e.n.Node               ] [7nKG0FS] stopped
[2016-12-16T18:29:34,830][INFO ][o.e.n.Node               ] [7nKG0FS] closing ...
[2016-12-16T18:29:35,030][INFO ][o.e.n.Node               ] [7nKG0FS] closed
